[0.006s] Invoking command in '/home/mluser/ibvs_project/src/build/ibvs_controller_cpp': CMAKE_PREFIX_PATH=${CMAKE_PREFIX_PATH}:/home/mluser/ibvs_project/install/ibvs_controller:/opt/ros/jazzy DEBUGINFOD_URLS=https://debuginfod.ubuntu.com /usr/bin/cmake --build /home/mluser/ibvs_project/src/build/ibvs_controller_cpp -- -j16 -l16
[0.045s] [ 25%] Building CXX object CMakeFiles/ibvs_controller_lib.dir/src/camera_controller.cpp.o
[1.823s] /home/mluser/ibvs_project/src/ibvs_controller_cpp/src/camera_controller.cpp: In member function ‘cv::Mat ibvs_controller::CameraController::computeInteractionMatrix(const std::vector<cv::KeyPoint>&, const cv::Mat&)’:
[1.823s] /home/mluser/ibvs_project/src/ibvs_controller_cpp/src/camera_controller.cpp:151:18: warning: unused parameter ‘depth_image’ [-Wunused-parameter]
[1.823s]   151 |   const cv::Mat& depth_image)
[1.823s]       |   ~~~~~~~~~~~~~~~^~~~~~~~~~~
[1.823s] /home/mluser/ibvs_project/src/ibvs_controller_cpp/src/camera_controller.cpp: In member function ‘geometry_msgs::msg::Twist ibvs_controller::CameraController::computeVelocityCommand(const std::vector<cv::KeyPoint>&, const std::vector<cv::KeyPoint>&, const cv::Mat&)’:
[1.823s] /home/mluser/ibvs_project/src/ibvs_controller_cpp/src/camera_controller.cpp:167:36: warning: unused parameter ‘current_features’ [-Wunused-parameter]
[1.823s]   167 |   const std::vector<cv::KeyPoint>& current_features,
[1.823s]       |   ~~~~~~~~~~~~~~~~~~~~~~~~~~~~~~~~~^~~~~~~~~~~~~~~~
[1.823s] /home/mluser/ibvs_project/src/ibvs_controller_cpp/src/camera_controller.cpp:168:36: warning: unused parameter ‘desired_features’ [-Wunused-parameter]
[1.823s]   168 |   const std::vector<cv::KeyPoint>& desired_features,
[1.823s]       |   ~~~~~~~~~~~~~~~~~~~~~~~~~~~~~~~~~^~~~~~~~~~~~~~~~
[1.823s] /home/mluser/ibvs_project/src/ibvs_controller_cpp/src/camera_controller.cpp:169:18: warning: unused parameter ‘interaction_matrix’ [-Wunused-parameter]
[1.823s]   169 |   const cv::Mat& interaction_matrix)
[1.824s]       |   ~~~~~~~~~~~~~~~^~~~~~~~~~~~~~~~~~
[7.831s] [ 50%] Linking CXX static library libibvs_controller_lib.a
[7.962s] [ 50%] Built target ibvs_controller_lib
[7.978s] [ 75%] Building CXX object CMakeFiles/camera_controller_node.dir/src/camera_controller_node.cpp.o
[11.208s] [100%] Linking CXX executable camera_controller_node
[11.664s] [100%] Built target camera_controller_node
[11.672s] Invoked command in '/home/mluser/ibvs_project/src/build/ibvs_controller_cpp' returned '0': CMAKE_PREFIX_PATH=${CMAKE_PREFIX_PATH}:/home/mluser/ibvs_project/install/ibvs_controller:/opt/ros/jazzy DEBUGINFOD_URLS=https://debuginfod.ubuntu.com /usr/bin/cmake --build /home/mluser/ibvs_project/src/build/ibvs_controller_cpp -- -j16 -l16
[11.681s] Invoking command in '/home/mluser/ibvs_project/src/build/ibvs_controller_cpp': CMAKE_PREFIX_PATH=${CMAKE_PREFIX_PATH}:/home/mluser/ibvs_project/install/ibvs_controller:/opt/ros/jazzy DEBUGINFOD_URLS=https://debuginfod.ubuntu.com /usr/bin/cmake --install /home/mluser/ibvs_project/src/build/ibvs_controller_cpp
[11.686s] -- Install configuration: ""
[11.686s] -- Installing: /home/mluser/ibvs_project/src/install/ibvs_controller_cpp/lib/ibvs_controller_cpp/camera_controller_node
[11.693s] -- Set non-toolchain portion of runtime path of "/home/mluser/ibvs_project/src/install/ibvs_controller_cpp/lib/ibvs_controller_cpp/camera_controller_node" to ""
[11.693s] -- Installing: /home/mluser/ibvs_project/src/install/ibvs_controller_cpp/lib/ibvs_controller_cpp/libibvs_controller_lib.a
[11.702s] -- Installing: /home/mluser/ibvs_project/src/install/ibvs_controller_cpp/include/ibvs_controller_cpp
[11.702s] -- Installing: /home/mluser/ibvs_project/src/install/ibvs_controller_cpp/include/ibvs_controller_cpp/ibvs_controller_cpp
[11.702s] -- Installing: /home/mluser/ibvs_project/src/install/ibvs_controller_cpp/include/ibvs_controller_cpp/ibvs_controller_cpp/camera_controller.hpp
[11.703s] -- Installing: /home/mluser/ibvs_project/src/install/ibvs_controller_cpp/share/ament_index/resource_index/package_run_dependencies/ibvs_controller_cpp
[11.703s] -- Installing: /home/mluser/ibvs_project/src/install/ibvs_controller_cpp/share/ament_index/resource_index/parent_prefix_path/ibvs_controller_cpp
[11.703s] -- Installing: /home/mluser/ibvs_project/src/install/ibvs_controller_cpp/share/ibvs_controller_cpp/environment/ament_prefix_path.sh
[11.703s] -- Installing: /home/mluser/ibvs_project/src/install/ibvs_controller_cpp/share/ibvs_controller_cpp/environment/ament_prefix_path.dsv
[11.703s] -- Installing: /home/mluser/ibvs_project/src/install/ibvs_controller_cpp/share/ibvs_controller_cpp/environment/path.sh
[11.703s] -- Installing: /home/mluser/ibvs_project/src/install/ibvs_controller_cpp/share/ibvs_controller_cpp/environment/path.dsv
[11.703s] -- Installing: /home/mluser/ibvs_project/src/install/ibvs_controller_cpp/share/ibvs_controller_cpp/local_setup.bash
[11.703s] -- Installing: /home/mluser/ibvs_project/src/install/ibvs_controller_cpp/share/ibvs_controller_cpp/local_setup.sh
[11.704s] -- Installing: /home/mluser/ibvs_project/src/install/ibvs_controller_cpp/share/ibvs_controller_cpp/local_setup.zsh
[11.704s] -- Installing: /home/mluser/ibvs_project/src/install/ibvs_controller_cpp/share/ibvs_controller_cpp/local_setup.dsv
[11.704s] -- Up-to-date: /home/mluser/ibvs_project/src/install/ibvs_controller_cpp/share/ibvs_controller_cpp/package.dsv
[11.704s] -- Installing: /home/mluser/ibvs_project/src/install/ibvs_controller_cpp/share/ament_index/resource_index/packages/ibvs_controller_cpp
[11.704s] -- Installing: /home/mluser/ibvs_project/src/install/ibvs_controller_cpp/share/ibvs_controller_cpp/cmake/ibvs_controller_cppConfig.cmake
[11.704s] -- Installing: /home/mluser/ibvs_project/src/install/ibvs_controller_cpp/share/ibvs_controller_cpp/cmake/ibvs_controller_cppConfig-version.cmake
[11.704s] -- Installing: /home/mluser/ibvs_project/src/install/ibvs_controller_cpp/share/ibvs_controller_cpp/package.xml
[11.706s] Invoked command in '/home/mluser/ibvs_project/src/build/ibvs_controller_cpp' returned '0': CMAKE_PREFIX_PATH=${CMAKE_PREFIX_PATH}:/home/mluser/ibvs_project/install/ibvs_controller:/opt/ros/jazzy DEBUGINFOD_URLS=https://debuginfod.ubuntu.com /usr/bin/cmake --install /home/mluser/ibvs_project/src/build/ibvs_controller_cpp
