-- Install configuration: ""
-- Execute custom install script
-- Up-to-date symlink: /home/mluser/ibvs_project/install/ibvs_simulation/share/ibvs_simulation//launch/ibvs_world.launch.py
-- Up-to-date symlink: /home/mluser/ibvs_project/install/ibvs_simulation/share/ibvs_simulation//worlds/ibvs_world.sdf
-- Up-to-date symlink: /home/mluser/ibvs_project/install/ibvs_simulation/share/ibvs_simulation//models/rgbd_camera_robot/model.sdf
-- Up-to-date symlink: /home/mluser/ibvs_project/install/ibvs_simulation/share/ibvs_simulation//models/rgbd_camera_robot/model_backup.sdf
-- Up-to-date symlink: /home/mluser/ibvs_project/install/ibvs_simulation/share/ibvs_simulation//config/ibvs.rviz
-- Up-to-date symlink: /home/mluser/ibvs_project/install/ibvs_simulation/share/ament_index/resource_index/package_run_dependencies/ibvs_simulation
-- Up-to-date symlink: /home/mluser/ibvs_project/install/ibvs_simulation/share/ament_index/resource_index/parent_prefix_path/ibvs_simulation
-- Up-to-date symlink: /home/mluser/ibvs_project/install/ibvs_simulation/share/ibvs_simulation/environment/ament_prefix_path.sh
-- Up-to-date symlink: /home/mluser/ibvs_project/install/ibvs_simulation/share/ibvs_simulation/environment/ament_prefix_path.dsv
-- Up-to-date symlink: /home/mluser/ibvs_project/install/ibvs_simulation/share/ibvs_simulation/environment/path.sh
-- Up-to-date symlink: /home/mluser/ibvs_project/install/ibvs_simulation/share/ibvs_simulation/environment/path.dsv
-- Up-to-date symlink: /home/mluser/ibvs_project/install/ibvs_simulation/share/ibvs_simulation/local_setup.bash
-- Up-to-date symlink: /home/mluser/ibvs_project/install/ibvs_simulation/share/ibvs_simulation/local_setup.sh
-- Up-to-date symlink: /home/mluser/ibvs_project/install/ibvs_simulation/share/ibvs_simulation/local_setup.zsh
-- Up-to-date symlink: /home/mluser/ibvs_project/install/ibvs_simulation/share/ibvs_simulation/local_setup.dsv
-- Symlinking: /home/mluser/ibvs_project/install/ibvs_simulation/share/ibvs_simulation/package.dsv
-- Up-to-date symlink: /home/mluser/ibvs_project/install/ibvs_simulation/share/ament_index/resource_index/packages/ibvs_simulation
-- Up-to-date symlink: /home/mluser/ibvs_project/install/ibvs_simulation/share/ibvs_simulation/cmake/ibvs_simulationConfig.cmake
-- Up-to-date symlink: /home/mluser/ibvs_project/install/ibvs_simulation/share/ibvs_simulation/cmake/ibvs_simulationConfig-version.cmake
-- Up-to-date symlink: /home/mluser/ibvs_project/install/ibvs_simulation/share/ibvs_simulation/package.xml
