[0.123s] Invoking command in '/home/mluser/ibvs_project/src/build/ibvs_controller_cpp': CMAKE_PREFIX_PATH=${CMAKE_PREFIX_PATH}:/home/mluser/ibvs_project/install/ibvs_controller:/opt/ros/jazzy DEBUGINFOD_URLS=https://debuginfod.ubuntu.com /usr/bin/cmake --build /home/mluser/ibvs_project/src/build/ibvs_controller_cpp -- -j16 -l16
[0.168s] [ 50%] Built target ibvs_controller_lib
[0.190s] [100%] Built target camera_controller_node
[0.198s] Invoked command in '/home/mluser/ibvs_project/src/build/ibvs_controller_cpp' returned '0': CMAKE_PREFIX_PATH=${CMAKE_PREFIX_PATH}:/home/mluser/ibvs_project/install/ibvs_controller:/opt/ros/jazzy DEBUGINFOD_URLS=https://debuginfod.ubuntu.com /usr/bin/cmake --build /home/mluser/ibvs_project/src/build/ibvs_controller_cpp -- -j16 -l16
[0.205s] Invoking command in '/home/mluser/ibvs_project/src/build/ibvs_controller_cpp': CMAKE_PREFIX_PATH=${CMAKE_PREFIX_PATH}:/home/mluser/ibvs_project/install/ibvs_controller:/opt/ros/jazzy DEBUGINFOD_URLS=https://debuginfod.ubuntu.com /usr/bin/cmake --install /home/mluser/ibvs_project/src/build/ibvs_controller_cpp
[0.210s] -- Install configuration: ""
[0.210s] -- Up-to-date: /home/mluser/ibvs_project/src/install/ibvs_controller_cpp/lib/ibvs_controller_cpp/camera_controller_node
[0.211s] -- Up-to-date: /home/mluser/ibvs_project/src/install/ibvs_controller_cpp/lib/ibvs_controller_cpp/libibvs_controller_lib.a
[0.211s] -- Up-to-date: /home/mluser/ibvs_project/src/install/ibvs_controller_cpp/include/ibvs_controller_cpp
[0.211s] -- Up-to-date: /home/mluser/ibvs_project/src/install/ibvs_controller_cpp/include/ibvs_controller_cpp/ibvs_controller_cpp
[0.211s] -- Up-to-date: /home/mluser/ibvs_project/src/install/ibvs_controller_cpp/include/ibvs_controller_cpp/ibvs_controller_cpp/camera_controller.hpp
[0.211s] -- Up-to-date: /home/mluser/ibvs_project/src/install/ibvs_controller_cpp/share/ament_index/resource_index/package_run_dependencies/ibvs_controller_cpp
[0.211s] -- Up-to-date: /home/mluser/ibvs_project/src/install/ibvs_controller_cpp/share/ament_index/resource_index/parent_prefix_path/ibvs_controller_cpp
[0.211s] -- Up-to-date: /home/mluser/ibvs_project/src/install/ibvs_controller_cpp/share/ibvs_controller_cpp/environment/ament_prefix_path.sh
[0.211s] -- Up-to-date: /home/mluser/ibvs_project/src/install/ibvs_controller_cpp/share/ibvs_controller_cpp/environment/ament_prefix_path.dsv
[0.211s] -- Up-to-date: /home/mluser/ibvs_project/src/install/ibvs_controller_cpp/share/ibvs_controller_cpp/environment/path.sh
[0.211s] -- Up-to-date: /home/mluser/ibvs_project/src/install/ibvs_controller_cpp/share/ibvs_controller_cpp/environment/path.dsv
[0.211s] -- Up-to-date: /home/mluser/ibvs_project/src/install/ibvs_controller_cpp/share/ibvs_controller_cpp/local_setup.bash
[0.211s] -- Up-to-date: /home/mluser/ibvs_project/src/install/ibvs_controller_cpp/share/ibvs_controller_cpp/local_setup.sh
[0.211s] -- Up-to-date: /home/mluser/ibvs_project/src/install/ibvs_controller_cpp/share/ibvs_controller_cpp/local_setup.zsh
[0.212s] -- Up-to-date: /home/mluser/ibvs_project/src/install/ibvs_controller_cpp/share/ibvs_controller_cpp/local_setup.dsv
[0.212s] -- Installing: /home/mluser/ibvs_project/src/install/ibvs_controller_cpp/share/ibvs_controller_cpp/package.dsv
[0.212s] -- Up-to-date: /home/mluser/ibvs_project/src/install/ibvs_controller_cpp/share/ament_index/resource_index/packages/ibvs_controller_cpp
[0.212s] -- Up-to-date: /home/mluser/ibvs_project/src/install/ibvs_controller_cpp/share/ibvs_controller_cpp/cmake/ibvs_controller_cppConfig.cmake
[0.212s] -- Up-to-date: /home/mluser/ibvs_project/src/install/ibvs_controller_cpp/share/ibvs_controller_cpp/cmake/ibvs_controller_cppConfig-version.cmake
[0.212s] -- Up-to-date: /home/mluser/ibvs_project/src/install/ibvs_controller_cpp/share/ibvs_controller_cpp/package.xml
[0.213s] Invoked command in '/home/mluser/ibvs_project/src/build/ibvs_controller_cpp' returned '0': CMAKE_PREFIX_PATH=${CMAKE_PREFIX_PATH}:/home/mluser/ibvs_project/install/ibvs_controller:/opt/ros/jazzy DEBUGINFOD_URLS=https://debuginfod.ubuntu.com /usr/bin/cmake --install /home/mluser/ibvs_project/src/build/ibvs_controller_cpp
