running egg_info
writing ../../build/ibvs_controller/ibvs_controller.egg-info/PKG-INFO
writing dependency_links to ../../build/ibvs_controller/ibvs_controller.egg-info/dependency_links.txt
writing entry points to ../../build/ibvs_controller/ibvs_controller.egg-info/entry_points.txt
writing requirements to ../../build/ibvs_controller/ibvs_controller.egg-info/requires.txt
writing top-level names to ../../build/ibvs_controller/ibvs_controller.egg-info/top_level.txt
reading manifest file '../../build/ibvs_controller/ibvs_controller.egg-info/SOURCES.txt'
writing manifest file '../../build/ibvs_controller/ibvs_controller.egg-info/SOURCES.txt'
running build
running build_py
copying ibvs_controller/camera_controller.py -> /home/mluser/ibvs_project/build/ibvs_controller/build/lib/ibvs_controller
running install
running install_lib
copying /home/mluser/ibvs_project/build/ibvs_controller/build/lib/ibvs_controller/camera_controller.py -> /home/mluser/ibvs_project/install/ibvs_controller/lib/python3.12/site-packages/ibvs_controller
byte-compiling /home/mluser/ibvs_project/install/ibvs_controller/lib/python3.12/site-packages/ibvs_controller/camera_controller.py to camera_controller.cpython-312.pyc
running install_data
running install_egg_info
removing '/home/mluser/ibvs_project/install/ibvs_controller/lib/python3.12/site-packages/ibvs_controller-0.0.0-py3.12.egg-info' (and everything under it)
Copying ../../build/ibvs_controller/ibvs_controller.egg-info to /home/mluser/ibvs_project/install/ibvs_controller/lib/python3.12/site-packages/ibvs_controller-0.0.0-py3.12.egg-info
running install_scripts
Installing camera_controller script to /home/mluser/ibvs_project/install/ibvs_controller/lib/ibvs_controller
writing list of installed files to '/home/mluser/ibvs_project/build/ibvs_controller/install.log'
