[0.006s] Invoking command in '/home/mluser/ibvs_project/build/ibvs_controller_cpp': CMAKE_PREFIX_PATH=${CMAKE_PREFIX_PATH}:/opt/ros/jazzy DEBUGINFOD_URLS=https://debuginfod.ubuntu.com /usr/bin/cmake /home/mluser/ibvs_project/src/ibvs_controller_cpp -DCMAKE_INSTALL_PREFIX=/home/mluser/ibvs_project/install/ibvs_controller_cpp
[0.108s] -- The C compiler identification is GNU 13.3.0
[0.193s] -- The CXX compiler identification is GNU 13.3.0
[0.208s] -- Detecting C compiler ABI info
[0.276s] -- Detecting C compiler ABI info - done
[0.281s] -- Check for working C compiler: /usr/bin/cc - skipped
[0.282s] -- Detecting C compile features
[0.283s] -- Detecting C compile features - done
[0.295s] -- Detecting CXX compiler ABI info
[0.365s] -- Detecting CXX compiler ABI info - done
[0.371s] -- Check for working CXX compiler: /usr/bin/c++ - skipped
[0.371s] -- Detecting CXX compile features
[0.372s] -- Detecting CXX compile features - done
[0.378s] -- Found ament_cmake: 2.5.4 (/opt/ros/jazzy/share/ament_cmake/cmake)
[0.454s] -- Found Python3: /home/mluser/anaconda3/envs/ros2/bin/python3 (found version "3.11.13") found components: Interpreter 
[0.555s] -- Found rclcpp: 28.1.11 (/opt/ros/jazzy/share/rclcpp/cmake)
[0.603s] -- Found rosidl_generator_c: 4.6.6 (/opt/ros/jazzy/share/rosidl_generator_c/cmake)
[0.618s] -- Found rosidl_generator_cpp: 4.6.6 (/opt/ros/jazzy/share/rosidl_generator_cpp/cmake)
[0.636s] -- Using all available rosidl_typesupport_c: rosidl_typesupport_fastrtps_c;rosidl_typesupport_introspection_c
[0.654s] -- Using all available rosidl_typesupport_cpp: rosidl_typesupport_fastrtps_cpp;rosidl_typesupport_introspection_cpp
[0.726s] -- Found rmw_implementation_cmake: 7.3.2 (/opt/ros/jazzy/share/rmw_implementation_cmake/cmake)
[0.730s] -- Found rmw_fastrtps_cpp: 8.4.3 (/opt/ros/jazzy/share/rmw_fastrtps_cpp/cmake)
[0.811s] -- Found OpenSSL: /usr/lib/x86_64-linux-gnu/libcrypto.so (found version "3.0.13")  
[0.825s] -- Found FastRTPS: /opt/ros/jazzy/include (Required is at least version "2.13") 
[0.841s] -- Using RMW implementation 'rmw_fastrtps_cpp' as default
[0.908s] -- Found sensor_msgs: 5.3.6 (/opt/ros/jazzy/share/sensor_msgs/cmake)
[0.959s] -- Found cv_bridge: 4.1.0 (/opt/ros/jazzy/share/cv_bridge/cmake)
[0.973s] -- Found image_transport: 5.1.7 (/opt/ros/jazzy/share/image_transport/cmake)
[1.004s] -- Found tf2: 0.36.14 (/opt/ros/jazzy/share/tf2/cmake)
[1.009s] -- Found tf2_ros: 0.36.14 (/opt/ros/jazzy/share/tf2_ros/cmake)
[1.107s] -- Found OpenCV: /usr (found version "4.6.0") 
[1.111s] -- Found ament_lint_auto: 0.17.3 (/opt/ros/jazzy/share/ament_lint_auto/cmake)
[1.195s] -- Added test 'cppcheck' to perform static code analysis on C / C++ code
[1.195s] -- Configured cppcheck include dirs: $<BUILD_INTERFACE:/home/mluser/ibvs_project/src/ibvs_controller_cpp/include>
[1.195s] -- Configured cppcheck exclude dirs and/or files: 
[1.196s] -- Added test 'lint_cmake' to check CMake code style
[1.197s] -- Added test 'uncrustify' to check C / C++ code style
[1.197s] -- Configured uncrustify additional arguments: 
[1.198s] -- Added test 'xmllint' to check XML markup files
[1.200s] -- Configuring done (1.2s)
[1.214s] -- Generating done (0.0s)
[1.217s] -- Build files have been written to: /home/mluser/ibvs_project/build/ibvs_controller_cpp
[1.225s] Invoked command in '/home/mluser/ibvs_project/build/ibvs_controller_cpp' returned '0': CMAKE_PREFIX_PATH=${CMAKE_PREFIX_PATH}:/opt/ros/jazzy DEBUGINFOD_URLS=https://debuginfod.ubuntu.com /usr/bin/cmake /home/mluser/ibvs_project/src/ibvs_controller_cpp -DCMAKE_INSTALL_PREFIX=/home/mluser/ibvs_project/install/ibvs_controller_cpp
[1.226s] Invoking command in '/home/mluser/ibvs_project/build/ibvs_controller_cpp': CMAKE_PREFIX_PATH=${CMAKE_PREFIX_PATH}:/opt/ros/jazzy DEBUGINFOD_URLS=https://debuginfod.ubuntu.com /usr/bin/cmake --build /home/mluser/ibvs_project/build/ibvs_controller_cpp -- -j16 -l16
[1.266s] [ 25%] Building CXX object CMakeFiles/ibvs_controller_lib.dir/src/camera_controller.cpp.o
[3.117s] /home/mluser/ibvs_project/src/ibvs_controller_cpp/src/camera_controller.cpp: In member function ‘cv::Mat ibvs_controller::CameraController::computeInteractionMatrix(const std::vector<cv::KeyPoint>&, const cv::Mat&)’:
[3.117s] /home/mluser/ibvs_project/src/ibvs_controller_cpp/src/camera_controller.cpp:187:18: warning: unused parameter ‘depth_image’ [-Wunused-parameter]
[3.117s]   187 |   const cv::Mat& depth_image)
[3.117s]       |   ~~~~~~~~~~~~~~~^~~~~~~~~~~
[3.117s] /home/mluser/ibvs_project/src/ibvs_controller_cpp/src/camera_controller.cpp: In member function ‘geometry_msgs::msg::Twist ibvs_controller::CameraController::computeVelocityCommand(const std::vector<cv::KeyPoint>&, const std::vector<cv::KeyPoint>&, const cv::Mat&)’:
[3.117s] /home/mluser/ibvs_project/src/ibvs_controller_cpp/src/camera_controller.cpp:203:36: warning: unused parameter ‘current_features’ [-Wunused-parameter]
[3.117s]   203 |   const std::vector<cv::KeyPoint>& current_features,
[3.117s]       |   ~~~~~~~~~~~~~~~~~~~~~~~~~~~~~~~~~^~~~~~~~~~~~~~~~
[3.117s] /home/mluser/ibvs_project/src/ibvs_controller_cpp/src/camera_controller.cpp:204:36: warning: unused parameter ‘desired_features’ [-Wunused-parameter]
[3.117s]   204 |   const std::vector<cv::KeyPoint>& desired_features,
[3.117s]       |   ~~~~~~~~~~~~~~~~~~~~~~~~~~~~~~~~~^~~~~~~~~~~~~~~~
[3.117s] /home/mluser/ibvs_project/src/ibvs_controller_cpp/src/camera_controller.cpp:205:18: warning: unused parameter ‘interaction_matrix’ [-Wunused-parameter]
[3.117s]   205 |   const cv::Mat& interaction_matrix)
[3.118s]       |   ~~~~~~~~~~~~~~~^~~~~~~~~~~~~~~~~~
[9.079s] [ 50%] Linking CXX static library libibvs_controller_lib.a
[9.203s] [ 50%] Built target ibvs_controller_lib
[9.219s] [ 75%] Building CXX object CMakeFiles/camera_controller_node.dir/src/camera_controller_node.cpp.o
[12.414s] [100%] Linking CXX executable camera_controller_node
[12.848s] [100%] Built target camera_controller_node
[12.857s] Invoked command in '/home/mluser/ibvs_project/build/ibvs_controller_cpp' returned '0': CMAKE_PREFIX_PATH=${CMAKE_PREFIX_PATH}:/opt/ros/jazzy DEBUGINFOD_URLS=https://debuginfod.ubuntu.com /usr/bin/cmake --build /home/mluser/ibvs_project/build/ibvs_controller_cpp -- -j16 -l16
[12.863s] Invoking command in '/home/mluser/ibvs_project/build/ibvs_controller_cpp': CMAKE_PREFIX_PATH=${CMAKE_PREFIX_PATH}:/opt/ros/jazzy DEBUGINFOD_URLS=https://debuginfod.ubuntu.com /usr/bin/cmake --install /home/mluser/ibvs_project/build/ibvs_controller_cpp
[12.869s] -- Install configuration: ""
[12.869s] -- Installing: /home/mluser/ibvs_project/install/ibvs_controller_cpp/lib/ibvs_controller_cpp/camera_controller_node
[12.875s] -- Set non-toolchain portion of runtime path of "/home/mluser/ibvs_project/install/ibvs_controller_cpp/lib/ibvs_controller_cpp/camera_controller_node" to ""
[12.875s] -- Installing: /home/mluser/ibvs_project/install/ibvs_controller_cpp/lib/ibvs_controller_cpp/libibvs_controller_lib.a
[12.885s] -- Installing: /home/mluser/ibvs_project/install/ibvs_controller_cpp/include/ibvs_controller_cpp
[12.885s] -- Installing: /home/mluser/ibvs_project/install/ibvs_controller_cpp/include/ibvs_controller_cpp/ibvs_controller_cpp
[12.885s] -- Installing: /home/mluser/ibvs_project/install/ibvs_controller_cpp/include/ibvs_controller_cpp/ibvs_controller_cpp/camera_controller.hpp
[12.885s] -- Installing: /home/mluser/ibvs_project/install/ibvs_controller_cpp/share/ament_index/resource_index/package_run_dependencies/ibvs_controller_cpp
[12.886s] -- Installing: /home/mluser/ibvs_project/install/ibvs_controller_cpp/share/ament_index/resource_index/parent_prefix_path/ibvs_controller_cpp
[12.886s] -- Installing: /home/mluser/ibvs_project/install/ibvs_controller_cpp/share/ibvs_controller_cpp/environment/ament_prefix_path.sh
[12.886s] -- Installing: /home/mluser/ibvs_project/install/ibvs_controller_cpp/share/ibvs_controller_cpp/environment/ament_prefix_path.dsv
[12.886s] -- Installing: /home/mluser/ibvs_project/install/ibvs_controller_cpp/share/ibvs_controller_cpp/environment/path.sh
[12.886s] -- Installing: /home/mluser/ibvs_project/install/ibvs_controller_cpp/share/ibvs_controller_cpp/environment/path.dsv
[12.886s] -- Installing: /home/mluser/ibvs_project/install/ibvs_controller_cpp/share/ibvs_controller_cpp/local_setup.bash
[12.886s] -- Installing: /home/mluser/ibvs_project/install/ibvs_controller_cpp/share/ibvs_controller_cpp/local_setup.sh
[12.887s] -- Installing: /home/mluser/ibvs_project/install/ibvs_controller_cpp/share/ibvs_controller_cpp/local_setup.zsh
[12.887s] -- Installing: /home/mluser/ibvs_project/install/ibvs_controller_cpp/share/ibvs_controller_cpp/local_setup.dsv
[12.887s] -- Installing: /home/mluser/ibvs_project/install/ibvs_controller_cpp/share/ibvs_controller_cpp/package.dsv
[12.887s] -- Installing: /home/mluser/ibvs_project/install/ibvs_controller_cpp/share/ament_index/resource_index/packages/ibvs_controller_cpp
[12.887s] -- Installing: /home/mluser/ibvs_project/install/ibvs_controller_cpp/share/ibvs_controller_cpp/cmake/ibvs_controller_cppConfig.cmake
[12.887s] -- Installing: /home/mluser/ibvs_project/install/ibvs_controller_cpp/share/ibvs_controller_cpp/cmake/ibvs_controller_cppConfig-version.cmake
[12.887s] -- Installing: /home/mluser/ibvs_project/install/ibvs_controller_cpp/share/ibvs_controller_cpp/package.xml
[12.888s] Invoked command in '/home/mluser/ibvs_project/build/ibvs_controller_cpp' returned '0': CMAKE_PREFIX_PATH=${CMAKE_PREFIX_PATH}:/opt/ros/jazzy DEBUGINFOD_URLS=https://debuginfod.ubuntu.com /usr/bin/cmake --install /home/mluser/ibvs_project/build/ibvs_controller_cpp
