[0.006s] Invoking command in '/home/mluser/ibvs_project/src/build/ibvs_controller_cpp': CMAKE_PREFIX_PATH=${CMAKE_PREFIX_PATH}:/home/mluser/ibvs_project/install/ibvs_controller:/opt/ros/jazzy DEBUGINFOD_URLS=https://debuginfod.ubuntu.com /usr/bin/cmake /home/mluser/ibvs_project/src/ibvs_controller_cpp -DCMAKE_INSTALL_PREFIX=/home/mluser/ibvs_project/src/install/ibvs_controller_cpp
[0.046s] -- The C compiler identification is GNU 13.3.0
[0.083s] -- The CXX compiler identification is GNU 13.3.0
[0.095s] -- Detecting C compiler ABI info
[0.160s] -- Detecting C compiler ABI info - done
[0.166s] -- Check for working C compiler: /usr/bin/cc - skipped
[0.166s] -- Detecting C compile features
[0.166s] -- Detecting C compile features - done
[0.173s] -- Detecting CXX compiler ABI info
[0.244s] -- Detecting CXX compiler ABI info - done
[0.249s] -- Check for working CXX compiler: /usr/bin/c++ - skipped
[0.250s] -- Detecting CXX compile features
[0.250s] -- Detecting CXX compile features - done
[0.253s] -- Found ament_cmake: 2.5.4 (/opt/ros/jazzy/share/ament_cmake/cmake)
[0.333s] -- Found Python3: /home/mluser/anaconda3/envs/ros2/bin/python3 (found version "3.11.13") found components: Interpreter 
[0.415s] -- Found rclcpp: 28.1.11 (/opt/ros/jazzy/share/rclcpp/cmake)
[0.462s] -- Found rosidl_generator_c: 4.6.6 (/opt/ros/jazzy/share/rosidl_generator_c/cmake)
[0.476s] -- Found rosidl_generator_cpp: 4.6.6 (/opt/ros/jazzy/share/rosidl_generator_cpp/cmake)
[0.493s] -- Using all available rosidl_typesupport_c: rosidl_typesupport_fastrtps_c;rosidl_typesupport_introspection_c
[0.510s] -- Using all available rosidl_typesupport_cpp: rosidl_typesupport_fastrtps_cpp;rosidl_typesupport_introspection_cpp
[0.585s] -- Found rmw_implementation_cmake: 7.3.2 (/opt/ros/jazzy/share/rmw_implementation_cmake/cmake)
[0.589s] -- Found rmw_fastrtps_cpp: 8.4.3 (/opt/ros/jazzy/share/rmw_fastrtps_cpp/cmake)
[0.670s] -- Found OpenSSL: /usr/lib/x86_64-linux-gnu/libcrypto.so (found version "3.0.13")  
[0.684s] -- Found FastRTPS: /opt/ros/jazzy/include (Required is at least version "2.13") 
[0.700s] -- Using RMW implementation 'rmw_fastrtps_cpp' as default
[0.768s] -- Found sensor_msgs: 5.3.6 (/opt/ros/jazzy/share/sensor_msgs/cmake)
[0.818s] -- Found cv_bridge: 4.1.0 (/opt/ros/jazzy/share/cv_bridge/cmake)
[0.833s] -- Found image_transport: 5.1.7 (/opt/ros/jazzy/share/image_transport/cmake)
[0.863s] -- Found tf2: 0.36.14 (/opt/ros/jazzy/share/tf2/cmake)
[0.868s] -- Found tf2_ros: 0.36.14 (/opt/ros/jazzy/share/tf2_ros/cmake)
[0.969s] -- Found OpenCV: /usr (found version "4.6.0") 
[0.973s] -- Found ament_lint_auto: 0.17.3 (/opt/ros/jazzy/share/ament_lint_auto/cmake)
[1.045s] -- Added test 'cppcheck' to perform static code analysis on C / C++ code
[1.045s] -- Configured cppcheck include dirs: $<BUILD_INTERFACE:/home/mluser/ibvs_project/src/ibvs_controller_cpp/include>
[1.045s] -- Configured cppcheck exclude dirs and/or files: 
[1.046s] -- Added test 'lint_cmake' to check CMake code style
[1.047s] -- Added test 'uncrustify' to check C / C++ code style
[1.047s] -- Configured uncrustify additional arguments: 
[1.048s] -- Added test 'xmllint' to check XML markup files
[1.049s] -- Configuring done (1.0s)
[1.065s] -- Generating done (0.0s)
[1.068s] -- Build files have been written to: /home/mluser/ibvs_project/src/build/ibvs_controller_cpp
[1.076s] Invoked command in '/home/mluser/ibvs_project/src/build/ibvs_controller_cpp' returned '0': CMAKE_PREFIX_PATH=${CMAKE_PREFIX_PATH}:/home/mluser/ibvs_project/install/ibvs_controller:/opt/ros/jazzy DEBUGINFOD_URLS=https://debuginfod.ubuntu.com /usr/bin/cmake /home/mluser/ibvs_project/src/ibvs_controller_cpp -DCMAKE_INSTALL_PREFIX=/home/mluser/ibvs_project/src/install/ibvs_controller_cpp
[1.078s] Invoking command in '/home/mluser/ibvs_project/src/build/ibvs_controller_cpp': CMAKE_PREFIX_PATH=${CMAKE_PREFIX_PATH}:/home/mluser/ibvs_project/install/ibvs_controller:/opt/ros/jazzy DEBUGINFOD_URLS=https://debuginfod.ubuntu.com /usr/bin/cmake --build /home/mluser/ibvs_project/src/build/ibvs_controller_cpp -- -j16 -l16
[1.118s] [ 25%] Building CXX object CMakeFiles/ibvs_controller_lib.dir/src/camera_controller.cpp.o
[1.393s] In file included from /home/mluser/ibvs_project/src/ibvs_controller_cpp/src/camera_controller.cpp:1:
[1.393s] /home/mluser/ibvs_project/src/ibvs_controller_cpp/include/ibvs_controller_cpp/camera_controller.hpp:8:10: fatal error: cv_bridge/cv_bridge.h: No such file or directory
[1.393s]     8 | #include <cv_bridge/cv_bridge.h>
[1.393s]       |          ^~~~~~~~~~~~~~~~~~~~~~~
[1.393s] compilation terminated.
[1.396s] gmake[2]: *** [CMakeFiles/ibvs_controller_lib.dir/build.make:76: CMakeFiles/ibvs_controller_lib.dir/src/camera_controller.cpp.o] Error 1
[1.396s] gmake[1]: *** [CMakeFiles/Makefile2:139: CMakeFiles/ibvs_controller_lib.dir/all] Error 2
[1.396s] gmake: *** [Makefile:146: all] Error 2
[1.398s] Invoked command in '/home/mluser/ibvs_project/src/build/ibvs_controller_cpp' returned '2': CMAKE_PREFIX_PATH=${CMAKE_PREFIX_PATH}:/home/mluser/ibvs_project/install/ibvs_controller:/opt/ros/jazzy DEBUGINFOD_URLS=https://debuginfod.ubuntu.com /usr/bin/cmake --build /home/mluser/ibvs_project/src/build/ibvs_controller_cpp -- -j16 -l16
