[0.059s] DEBUG:colcon:Command line arguments: ['/usr/bin/colcon', 'build']
[0.059s] DEBUG:colcon:Parsed command line arguments: Namespace(log_base=None, log_level=None, verb_name='build', build_base='build', install_base='install', merge_install=False, symlink_install=False, test_result_base=None, continue_on_error=False, executor='parallel', parallel_workers=16, event_handlers=None, ignore_user_meta=False, metas=['./colcon.meta'], base_paths=['.'], packages_ignore=None, packages_ignore_regex=None, paths=None, packages_up_to=None, packages_up_to_regex=None, packages_above=None, packages_above_and_dependencies=None, packages_above_depth=None, packages_select_by_dep=None, packages_skip_by_dep=None, packages_skip_up_to=None, packages_select_build_failed=False, packages_skip_build_finished=False, packages_select_test_failures=False, packages_skip_test_passed=False, packages_select=None, packages_skip=None, packages_select_regex=None, packages_skip_regex=None, packages_start=None, packages_end=None, allow_overriding=[], cmake_args=None, cmake_target=None, cmake_target_skip_unavailable=False, cmake_clean_cache=False, cmake_clean_first=False, cmake_force_configure=False, ament_cmake_args=None, catkin_cmake_args=None, catkin_skip_building_tests=False, mixin_files=None, mixin=None, verb_parser=<colcon_mixin.mixin.mixin_argument.MixinArgumentDecorator object at 0x775fb01b0d70>, verb_extension=<colcon_core.verb.build.BuildVerb object at 0x775fb01b02f0>, main=<bound method BuildVerb.main of <colcon_core.verb.build.BuildVerb object at 0x775fb01b02f0>>, mixin_verb=('build',))
[0.084s] Level 1:colcon.colcon_core.package_discovery:discover_packages(colcon_meta) check parameters
[0.084s] Level 1:colcon.colcon_core.package_discovery:discover_packages(recursive) check parameters
[0.084s] Level 1:colcon.colcon_core.package_discovery:discover_packages(ignore) check parameters
[0.084s] Level 1:colcon.colcon_core.package_discovery:discover_packages(path) check parameters
[0.084s] Level 1:colcon.colcon_core.package_discovery:discover_packages(colcon_meta) discover
[0.084s] Level 1:colcon.colcon_core.package_discovery:discover_packages(recursive) discover
[0.084s] INFO:colcon.colcon_core.package_discovery:Crawling recursively for packages in '/home/mluser/ibvs_project'
[0.084s] Level 1:colcon.colcon_core.package_identification:_identify(.) by extensions ['ignore', 'ignore_ament_install']
[0.084s] Level 1:colcon.colcon_core.package_identification:_identify(.) by extension 'ignore'
[0.084s] Level 1:colcon.colcon_core.package_identification:_identify(.) by extension 'ignore_ament_install'
[0.084s] Level 1:colcon.colcon_core.package_identification:_identify(.) by extensions ['colcon_pkg']
[0.084s] Level 1:colcon.colcon_core.package_identification:_identify(.) by extension 'colcon_pkg'
[0.084s] Level 1:colcon.colcon_core.package_identification:_identify(.) by extensions ['colcon_meta']
[0.084s] Level 1:colcon.colcon_core.package_identification:_identify(.) by extension 'colcon_meta'
[0.084s] Level 1:colcon.colcon_core.package_identification:_identify(.) by extensions ['ros']
[0.084s] Level 1:colcon.colcon_core.package_identification:_identify(.) by extension 'ros'
[0.100s] Level 1:colcon.colcon_core.package_identification:_identify(.) by extensions ['cmake', 'python']
[0.100s] Level 1:colcon.colcon_core.package_identification:_identify(.) by extension 'cmake'
[0.100s] Level 1:colcon.colcon_core.package_identification:_identify(.) by extension 'python'
[0.100s] Level 1:colcon.colcon_core.package_identification:_identify(.) by extensions ['python_setup_py']
[0.100s] Level 1:colcon.colcon_core.package_identification:_identify(.) by extension 'python_setup_py'
[0.100s] Level 1:colcon.colcon_core.package_identification:_identify(build) by extensions ['ignore', 'ignore_ament_install']
[0.100s] Level 1:colcon.colcon_core.package_identification:_identify(build) by extension 'ignore'
[0.100s] Level 1:colcon.colcon_core.package_identification:_identify(build) ignored
[0.100s] Level 1:colcon.colcon_core.package_identification:_identify(install) by extensions ['ignore', 'ignore_ament_install']
[0.100s] Level 1:colcon.colcon_core.package_identification:_identify(install) by extension 'ignore'
[0.100s] Level 1:colcon.colcon_core.package_identification:_identify(install) ignored
[0.100s] Level 1:colcon.colcon_core.package_identification:_identify(log) by extensions ['ignore', 'ignore_ament_install']
[0.100s] Level 1:colcon.colcon_core.package_identification:_identify(log) by extension 'ignore'
[0.100s] Level 1:colcon.colcon_core.package_identification:_identify(log) ignored
[0.100s] Level 1:colcon.colcon_core.package_identification:_identify(src) by extensions ['ignore', 'ignore_ament_install']
[0.100s] Level 1:colcon.colcon_core.package_identification:_identify(src) by extension 'ignore'
[0.100s] Level 1:colcon.colcon_core.package_identification:_identify(src) by extension 'ignore_ament_install'
[0.100s] Level 1:colcon.colcon_core.package_identification:_identify(src) by extensions ['colcon_pkg']
[0.100s] Level 1:colcon.colcon_core.package_identification:_identify(src) by extension 'colcon_pkg'
[0.100s] Level 1:colcon.colcon_core.package_identification:_identify(src) by extensions ['colcon_meta']
[0.100s] Level 1:colcon.colcon_core.package_identification:_identify(src) by extension 'colcon_meta'
[0.100s] Level 1:colcon.colcon_core.package_identification:_identify(src) by extensions ['ros']
[0.100s] Level 1:colcon.colcon_core.package_identification:_identify(src) by extension 'ros'
[0.100s] Level 1:colcon.colcon_core.package_identification:_identify(src) by extensions ['cmake', 'python']
[0.100s] Level 1:colcon.colcon_core.package_identification:_identify(src) by extension 'cmake'
[0.100s] Level 1:colcon.colcon_core.package_identification:_identify(src) by extension 'python'
[0.100s] Level 1:colcon.colcon_core.package_identification:_identify(src) by extensions ['python_setup_py']
[0.100s] Level 1:colcon.colcon_core.package_identification:_identify(src) by extension 'python_setup_py'
[0.100s] Level 1:colcon.colcon_core.package_identification:_identify(src/build) by extensions ['ignore', 'ignore_ament_install']
[0.100s] Level 1:colcon.colcon_core.package_identification:_identify(src/build) by extension 'ignore'
[0.100s] Level 1:colcon.colcon_core.package_identification:_identify(src/build) ignored
[0.100s] Level 1:colcon.colcon_core.package_identification:_identify(src/ibvs_controller) by extensions ['ignore', 'ignore_ament_install']
[0.100s] Level 1:colcon.colcon_core.package_identification:_identify(src/ibvs_controller) by extension 'ignore'
[0.100s] Level 1:colcon.colcon_core.package_identification:_identify(src/ibvs_controller) by extension 'ignore_ament_install'
[0.101s] Level 1:colcon.colcon_core.package_identification:_identify(src/ibvs_controller) by extensions ['colcon_pkg']
[0.101s] Level 1:colcon.colcon_core.package_identification:_identify(src/ibvs_controller) by extension 'colcon_pkg'
[0.101s] Level 1:colcon.colcon_core.package_identification:_identify(src/ibvs_controller) by extensions ['colcon_meta']
[0.101s] Level 1:colcon.colcon_core.package_identification:_identify(src/ibvs_controller) by extension 'colcon_meta'
[0.101s] Level 1:colcon.colcon_core.package_identification:_identify(src/ibvs_controller) by extensions ['ros']
[0.101s] Level 1:colcon.colcon_core.package_identification:_identify(src/ibvs_controller) by extension 'ros'
[0.102s] DEBUG:colcon.colcon_core.package_identification:Package 'src/ibvs_controller' with type 'ros.ament_python' and name 'ibvs_controller'
[0.102s] Level 1:colcon.colcon_core.package_identification:_identify(src/ibvs_simulation) by extensions ['ignore', 'ignore_ament_install']
[0.102s] Level 1:colcon.colcon_core.package_identification:_identify(src/ibvs_simulation) by extension 'ignore'
[0.102s] Level 1:colcon.colcon_core.package_identification:_identify(src/ibvs_simulation) by extension 'ignore_ament_install'
[0.102s] Level 1:colcon.colcon_core.package_identification:_identify(src/ibvs_simulation) by extensions ['colcon_pkg']
[0.102s] Level 1:colcon.colcon_core.package_identification:_identify(src/ibvs_simulation) by extension 'colcon_pkg'
[0.102s] Level 1:colcon.colcon_core.package_identification:_identify(src/ibvs_simulation) by extensions ['colcon_meta']
[0.102s] Level 1:colcon.colcon_core.package_identification:_identify(src/ibvs_simulation) by extension 'colcon_meta'
[0.102s] Level 1:colcon.colcon_core.package_identification:_identify(src/ibvs_simulation) by extensions ['ros']
[0.102s] Level 1:colcon.colcon_core.package_identification:_identify(src/ibvs_simulation) by extension 'ros'
[0.102s] DEBUG:colcon.colcon_core.package_identification:Package 'src/ibvs_simulation' with type 'ros.ament_cmake' and name 'ibvs_simulation'
[0.102s] Level 1:colcon.colcon_core.package_identification:_identify(src/install) by extensions ['ignore', 'ignore_ament_install']
[0.102s] Level 1:colcon.colcon_core.package_identification:_identify(src/install) by extension 'ignore'
[0.102s] Level 1:colcon.colcon_core.package_identification:_identify(src/install) ignored
[0.102s] Level 1:colcon.colcon_core.package_identification:_identify(src/log) by extensions ['ignore', 'ignore_ament_install']
[0.102s] Level 1:colcon.colcon_core.package_identification:_identify(src/log) by extension 'ignore'
[0.102s] Level 1:colcon.colcon_core.package_identification:_identify(src/log) ignored
[0.102s] Level 1:colcon.colcon_core.package_discovery:discover_packages(recursive) using defaults
[0.102s] Level 1:colcon.colcon_core.package_discovery:discover_packages(ignore) discover
[0.102s] Level 1:colcon.colcon_core.package_discovery:discover_packages(ignore) using defaults
[0.102s] Level 1:colcon.colcon_core.package_discovery:discover_packages(path) discover
[0.102s] Level 1:colcon.colcon_core.package_discovery:discover_packages(path) using defaults
[0.112s] Level 1:colcon.colcon_core.package_discovery:discover_packages(prefix_path) check parameters
[0.112s] Level 1:colcon.colcon_core.package_discovery:discover_packages(prefix_path) discover
[0.113s] DEBUG:colcon.colcon_installed_package_information.package_discovery:Found 2 installed packages in /home/mluser/ibvs_project/install
[0.114s] DEBUG:colcon.colcon_installed_package_information.package_discovery:Found 0 installed packages in /home/mluser/ibvs_project/src/install
[0.115s] DEBUG:colcon.colcon_installed_package_information.package_discovery:Found 436 installed packages in /opt/ros/jazzy
[0.116s] Level 1:colcon.colcon_core.package_discovery:discover_packages(prefix_path) using defaults
[0.146s] Level 5:colcon.colcon_core.verb:set package 'ibvs_controller' build argument 'cmake_args' from command line to 'None'
[0.146s] Level 5:colcon.colcon_core.verb:set package 'ibvs_controller' build argument 'cmake_target' from command line to 'None'
[0.146s] Level 5:colcon.colcon_core.verb:set package 'ibvs_controller' build argument 'cmake_target_skip_unavailable' from command line to 'False'
[0.146s] Level 5:colcon.colcon_core.verb:set package 'ibvs_controller' build argument 'cmake_clean_cache' from command line to 'False'
[0.146s] Level 5:colcon.colcon_core.verb:set package 'ibvs_controller' build argument 'cmake_clean_first' from command line to 'False'
[0.146s] Level 5:colcon.colcon_core.verb:set package 'ibvs_controller' build argument 'cmake_force_configure' from command line to 'False'
[0.146s] Level 5:colcon.colcon_core.verb:set package 'ibvs_controller' build argument 'ament_cmake_args' from command line to 'None'
[0.146s] Level 5:colcon.colcon_core.verb:set package 'ibvs_controller' build argument 'catkin_cmake_args' from command line to 'None'
[0.146s] Level 5:colcon.colcon_core.verb:set package 'ibvs_controller' build argument 'catkin_skip_building_tests' from command line to 'False'
[0.146s] DEBUG:colcon.colcon_core.verb:Building package 'ibvs_controller' with the following arguments: {'ament_cmake_args': None, 'build_base': '/home/mluser/ibvs_project/build/ibvs_controller', 'catkin_cmake_args': None, 'catkin_skip_building_tests': False, 'cmake_args': None, 'cmake_clean_cache': False, 'cmake_clean_first': False, 'cmake_force_configure': False, 'cmake_target': None, 'cmake_target_skip_unavailable': False, 'install_base': '/home/mluser/ibvs_project/install/ibvs_controller', 'merge_install': False, 'path': '/home/mluser/ibvs_project/src/ibvs_controller', 'symlink_install': False, 'test_result_base': None}
[0.146s] Level 5:colcon.colcon_core.verb:set package 'ibvs_simulation' build argument 'cmake_args' from command line to 'None'
[0.146s] Level 5:colcon.colcon_core.verb:set package 'ibvs_simulation' build argument 'cmake_target' from command line to 'None'
[0.146s] Level 5:colcon.colcon_core.verb:set package 'ibvs_simulation' build argument 'cmake_target_skip_unavailable' from command line to 'False'
[0.146s] Level 5:colcon.colcon_core.verb:set package 'ibvs_simulation' build argument 'cmake_clean_cache' from command line to 'False'
[0.146s] Level 5:colcon.colcon_core.verb:set package 'ibvs_simulation' build argument 'cmake_clean_first' from command line to 'False'
[0.146s] Level 5:colcon.colcon_core.verb:set package 'ibvs_simulation' build argument 'cmake_force_configure' from command line to 'False'
[0.146s] Level 5:colcon.colcon_core.verb:set package 'ibvs_simulation' build argument 'ament_cmake_args' from command line to 'None'
[0.146s] Level 5:colcon.colcon_core.verb:set package 'ibvs_simulation' build argument 'catkin_cmake_args' from command line to 'None'
[0.146s] Level 5:colcon.colcon_core.verb:set package 'ibvs_simulation' build argument 'catkin_skip_building_tests' from command line to 'False'
[0.146s] DEBUG:colcon.colcon_core.verb:Building package 'ibvs_simulation' with the following arguments: {'ament_cmake_args': None, 'build_base': '/home/mluser/ibvs_project/build/ibvs_simulation', 'catkin_cmake_args': None, 'catkin_skip_building_tests': False, 'cmake_args': None, 'cmake_clean_cache': False, 'cmake_clean_first': False, 'cmake_force_configure': False, 'cmake_target': None, 'cmake_target_skip_unavailable': False, 'install_base': '/home/mluser/ibvs_project/install/ibvs_simulation', 'merge_install': False, 'path': '/home/mluser/ibvs_project/src/ibvs_simulation', 'symlink_install': False, 'test_result_base': None}
[0.146s] INFO:colcon.colcon_core.executor:Executing jobs using 'parallel' executor
[0.147s] DEBUG:colcon.colcon_parallel_executor.executor.parallel:run_until_complete
[0.147s] INFO:colcon.colcon_ros.task.ament_python.build:Building ROS package in '/home/mluser/ibvs_project/src/ibvs_controller' with build type 'ament_python'
[0.147s] Level 1:colcon.colcon_core.shell:create_environment_hook('ibvs_controller', 'ament_prefix_path')
[0.148s] INFO:colcon.colcon_core.plugin_system:Skipping extension 'colcon_core.shell.bat': Not used on non-Windows systems
[0.148s] INFO:colcon.colcon_core.shell:Creating environment hook '/home/mluser/ibvs_project/install/ibvs_controller/share/ibvs_controller/hook/ament_prefix_path.ps1'
[0.149s] INFO:colcon.colcon_core.shell:Creating environment descriptor '/home/mluser/ibvs_project/install/ibvs_controller/share/ibvs_controller/hook/ament_prefix_path.dsv'
[0.149s] INFO:colcon.colcon_core.shell:Creating environment hook '/home/mluser/ibvs_project/install/ibvs_controller/share/ibvs_controller/hook/ament_prefix_path.sh'
[0.149s] INFO:colcon.colcon_core.shell:Skip shell extension 'powershell' for command environment: Not usable outside of PowerShell
[0.149s] DEBUG:colcon.colcon_core.shell:Skip shell extension 'dsv' for command environment
[0.152s] INFO:colcon.colcon_ros.task.ament_cmake.build:Building ROS package in '/home/mluser/ibvs_project/src/ibvs_simulation' with build type 'ament_cmake'
[0.152s] INFO:colcon.colcon_cmake.task.cmake.build:Building CMake package in '/home/mluser/ibvs_project/src/ibvs_simulation'
[0.152s] INFO:colcon.colcon_core.shell:Skip shell extension 'powershell' for command environment: Not usable outside of PowerShell
[0.152s] DEBUG:colcon.colcon_core.shell:Skip shell extension 'dsv' for command environment
[0.272s] INFO:colcon.colcon_core.task.python.build:Building Python package in '/home/mluser/ibvs_project/src/ibvs_controller'
[0.272s] INFO:colcon.colcon_core.shell:Skip shell extension 'powershell' for command environment: Not usable outside of PowerShell
[0.272s] DEBUG:colcon.colcon_core.shell:Skip shell extension 'dsv' for command environment
[0.276s] DEBUG:colcon.colcon_core.event_handler.log_command:Invoking command in '/home/mluser/ibvs_project/build/ibvs_simulation': CMAKE_PREFIX_PATH=${CMAKE_PREFIX_PATH}:/home/mluser/ibvs_project/install/ibvs_controller:/opt/ros/jazzy DEBUGINFOD_URLS=https://debuginfod.ubuntu.com /usr/bin/cmake /home/mluser/ibvs_project/src/ibvs_simulation -DCMAKE_INSTALL_PREFIX=/home/mluser/ibvs_project/install/ibvs_simulation
[0.443s] DEBUG:colcon.colcon_core.event_handler.log_command:Invoked command in '/home/mluser/ibvs_project/build/ibvs_simulation' returned '0': CMAKE_PREFIX_PATH=${CMAKE_PREFIX_PATH}:/home/mluser/ibvs_project/install/ibvs_controller:/opt/ros/jazzy DEBUGINFOD_URLS=https://debuginfod.ubuntu.com /usr/bin/cmake /home/mluser/ibvs_project/src/ibvs_simulation -DCMAKE_INSTALL_PREFIX=/home/mluser/ibvs_project/install/ibvs_simulation
[0.444s] DEBUG:colcon.colcon_core.event_handler.log_command:Invoking command in '/home/mluser/ibvs_project/build/ibvs_simulation': CMAKE_PREFIX_PATH=${CMAKE_PREFIX_PATH}:/home/mluser/ibvs_project/install/ibvs_controller:/opt/ros/jazzy DEBUGINFOD_URLS=https://debuginfod.ubuntu.com /usr/bin/cmake --build /home/mluser/ibvs_project/build/ibvs_simulation -- -j16 -l16
[0.474s] DEBUG:colcon.colcon_core.event_handler.log_command:Invoked command in '/home/mluser/ibvs_project/build/ibvs_simulation' returned '0': CMAKE_PREFIX_PATH=${CMAKE_PREFIX_PATH}:/home/mluser/ibvs_project/install/ibvs_controller:/opt/ros/jazzy DEBUGINFOD_URLS=https://debuginfod.ubuntu.com /usr/bin/cmake --build /home/mluser/ibvs_project/build/ibvs_simulation -- -j16 -l16
[0.481s] DEBUG:colcon.colcon_core.event_handler.log_command:Invoking command in '/home/mluser/ibvs_project/build/ibvs_simulation': CMAKE_PREFIX_PATH=${CMAKE_PREFIX_PATH}:/home/mluser/ibvs_project/install/ibvs_controller:/opt/ros/jazzy DEBUGINFOD_URLS=https://debuginfod.ubuntu.com /usr/bin/cmake --install /home/mluser/ibvs_project/build/ibvs_simulation
[0.496s] Level 1:colcon.colcon_core.environment:create_environment_scripts_only(ibvs_simulation)
[0.496s] DEBUG:colcon.colcon_core.event_handler.log_command:Invoked command in '/home/mluser/ibvs_project/build/ibvs_simulation' returned '0': CMAKE_PREFIX_PATH=${CMAKE_PREFIX_PATH}:/home/mluser/ibvs_project/install/ibvs_controller:/opt/ros/jazzy DEBUGINFOD_URLS=https://debuginfod.ubuntu.com /usr/bin/cmake --install /home/mluser/ibvs_project/build/ibvs_simulation
[0.498s] Level 1:colcon.colcon_core.environment:checking '/home/mluser/ibvs_project/install/ibvs_simulation' for CMake module files
[0.498s] Level 1:colcon.colcon_core.environment:checking '/home/mluser/ibvs_project/install/ibvs_simulation' for CMake config files
[0.498s] Level 1:colcon.colcon_core.shell:create_environment_hook('ibvs_simulation', 'cmake_prefix_path')
[0.498s] INFO:colcon.colcon_core.shell:Creating environment hook '/home/mluser/ibvs_project/install/ibvs_simulation/share/ibvs_simulation/hook/cmake_prefix_path.ps1'
[0.499s] INFO:colcon.colcon_core.shell:Creating environment descriptor '/home/mluser/ibvs_project/install/ibvs_simulation/share/ibvs_simulation/hook/cmake_prefix_path.dsv'
[0.499s] INFO:colcon.colcon_core.shell:Creating environment hook '/home/mluser/ibvs_project/install/ibvs_simulation/share/ibvs_simulation/hook/cmake_prefix_path.sh'
[0.499s] Level 1:colcon.colcon_core.environment:checking '/home/mluser/ibvs_project/install/ibvs_simulation/bin'
[0.499s] Level 1:colcon.colcon_core.environment:checking '/home/mluser/ibvs_project/install/ibvs_simulation/lib/pkgconfig/ibvs_simulation.pc'
[0.499s] Level 1:colcon.colcon_core.environment:checking '/home/mluser/ibvs_project/install/ibvs_simulation/lib/python3.12/site-packages'
[0.500s] Level 1:colcon.colcon_core.environment:checking '/home/mluser/ibvs_project/install/ibvs_simulation/bin'
[0.500s] INFO:colcon.colcon_core.shell:Creating package script '/home/mluser/ibvs_project/install/ibvs_simulation/share/ibvs_simulation/package.ps1'
[0.500s] INFO:colcon.colcon_core.shell:Creating package descriptor '/home/mluser/ibvs_project/install/ibvs_simulation/share/ibvs_simulation/package.dsv'
[0.500s] INFO:colcon.colcon_core.shell:Creating package script '/home/mluser/ibvs_project/install/ibvs_simulation/share/ibvs_simulation/package.sh'
[0.501s] INFO:colcon.colcon_core.shell:Creating package script '/home/mluser/ibvs_project/install/ibvs_simulation/share/ibvs_simulation/package.bash'
[0.501s] INFO:colcon.colcon_core.shell:Creating package script '/home/mluser/ibvs_project/install/ibvs_simulation/share/ibvs_simulation/package.zsh'
[0.501s] Level 1:colcon.colcon_core.environment:create_file_with_runtime_dependencies(/home/mluser/ibvs_project/install/ibvs_simulation/share/colcon-core/packages/ibvs_simulation)
[0.501s] Level 1:colcon.colcon_core.environment:create_environment_scripts_only(ibvs_simulation)
[0.501s] Level 1:colcon.colcon_core.environment:checking '/home/mluser/ibvs_project/install/ibvs_simulation' for CMake module files
[0.502s] Level 1:colcon.colcon_core.environment:checking '/home/mluser/ibvs_project/install/ibvs_simulation' for CMake config files
[0.502s] Level 1:colcon.colcon_core.shell:create_environment_hook('ibvs_simulation', 'cmake_prefix_path')
[0.502s] INFO:colcon.colcon_core.shell:Creating environment hook '/home/mluser/ibvs_project/install/ibvs_simulation/share/ibvs_simulation/hook/cmake_prefix_path.ps1'
[0.502s] INFO:colcon.colcon_core.shell:Creating environment descriptor '/home/mluser/ibvs_project/install/ibvs_simulation/share/ibvs_simulation/hook/cmake_prefix_path.dsv'
[0.502s] INFO:colcon.colcon_core.shell:Creating environment hook '/home/mluser/ibvs_project/install/ibvs_simulation/share/ibvs_simulation/hook/cmake_prefix_path.sh'
[0.503s] Level 1:colcon.colcon_core.environment:checking '/home/mluser/ibvs_project/install/ibvs_simulation/bin'
[0.503s] Level 1:colcon.colcon_core.environment:checking '/home/mluser/ibvs_project/install/ibvs_simulation/lib/pkgconfig/ibvs_simulation.pc'
[0.503s] Level 1:colcon.colcon_core.environment:checking '/home/mluser/ibvs_project/install/ibvs_simulation/lib/python3.12/site-packages'
[0.503s] Level 1:colcon.colcon_core.environment:checking '/home/mluser/ibvs_project/install/ibvs_simulation/bin'
[0.503s] INFO:colcon.colcon_core.shell:Creating package script '/home/mluser/ibvs_project/install/ibvs_simulation/share/ibvs_simulation/package.ps1'
[0.503s] INFO:colcon.colcon_core.shell:Creating package descriptor '/home/mluser/ibvs_project/install/ibvs_simulation/share/ibvs_simulation/package.dsv'
[0.503s] INFO:colcon.colcon_core.shell:Creating package script '/home/mluser/ibvs_project/install/ibvs_simulation/share/ibvs_simulation/package.sh'
[0.504s] INFO:colcon.colcon_core.shell:Creating package script '/home/mluser/ibvs_project/install/ibvs_simulation/share/ibvs_simulation/package.bash'
[0.504s] INFO:colcon.colcon_core.shell:Creating package script '/home/mluser/ibvs_project/install/ibvs_simulation/share/ibvs_simulation/package.zsh'
[0.504s] Level 1:colcon.colcon_core.environment:create_file_with_runtime_dependencies(/home/mluser/ibvs_project/install/ibvs_simulation/share/colcon-core/packages/ibvs_simulation)
[0.581s] DEBUG:colcon.colcon_core.event_handler.log_command:Invoking command in '/home/mluser/ibvs_project/build/ibvs_controller': DEBUGINFOD_URLS=https://debuginfod.ubuntu.com PYTHONPATH=/home/mluser/ibvs_project/build/ibvs_controller/prefix_override:/usr/lib/python3/dist-packages/colcon_core/task/python/colcon_distutils_commands:/home/mluser/ibvs_project/install/ibvs_controller/lib/python3.12/site-packages:${PYTHONPATH} /usr/bin/python3 -W ignore:setup.py install is deprecated -W ignore:easy_install command is deprecated setup.py develop --uninstall --editable --build-directory /home/mluser/ibvs_project/build/ibvs_controller/build
[0.861s] DEBUG:colcon.colcon_core.event_handler.log_command:Invoked command in '/home/mluser/ibvs_project/build/ibvs_controller' returned '0': DEBUGINFOD_URLS=https://debuginfod.ubuntu.com PYTHONPATH=/home/mluser/ibvs_project/build/ibvs_controller/prefix_override:/usr/lib/python3/dist-packages/colcon_core/task/python/colcon_distutils_commands:/home/mluser/ibvs_project/install/ibvs_controller/lib/python3.12/site-packages:${PYTHONPATH} /usr/bin/python3 -W ignore:setup.py install is deprecated -W ignore:easy_install command is deprecated setup.py develop --uninstall --editable --build-directory /home/mluser/ibvs_project/build/ibvs_controller/build
[0.862s] DEBUG:colcon.colcon_core.event_handler.log_command:Invoking command in '/home/mluser/ibvs_project/src/ibvs_controller': DEBUGINFOD_URLS=https://debuginfod.ubuntu.com PYTHONPATH=/home/mluser/ibvs_project/build/ibvs_controller/prefix_override:/usr/lib/python3/dist-packages/colcon_core/task/python/colcon_distutils_commands:/home/mluser/ibvs_project/install/ibvs_controller/lib/python3.12/site-packages:${PYTHONPATH} /usr/bin/python3 -W ignore:setup.py install is deprecated -W ignore:easy_install command is deprecated setup.py egg_info --egg-base ../../build/ibvs_controller build --build-base /home/mluser/ibvs_project/build/ibvs_controller/build install --record /home/mluser/ibvs_project/build/ibvs_controller/install.log --single-version-externally-managed install_data --force
[1.148s] Level 1:colcon.colcon_core.environment:checking '/home/mluser/ibvs_project/install/ibvs_controller' for CMake module files
[1.148s] DEBUG:colcon.colcon_core.event_handler.log_command:Invoked command in '/home/mluser/ibvs_project/src/ibvs_controller' returned '0': DEBUGINFOD_URLS=https://debuginfod.ubuntu.com PYTHONPATH=/home/mluser/ibvs_project/build/ibvs_controller/prefix_override:/usr/lib/python3/dist-packages/colcon_core/task/python/colcon_distutils_commands:/home/mluser/ibvs_project/install/ibvs_controller/lib/python3.12/site-packages:${PYTHONPATH} /usr/bin/python3 -W ignore:setup.py install is deprecated -W ignore:easy_install command is deprecated setup.py egg_info --egg-base ../../build/ibvs_controller build --build-base /home/mluser/ibvs_project/build/ibvs_controller/build install --record /home/mluser/ibvs_project/build/ibvs_controller/install.log --single-version-externally-managed install_data --force
[1.149s] Level 1:colcon.colcon_core.environment:checking '/home/mluser/ibvs_project/install/ibvs_controller' for CMake config files
[1.149s] Level 1:colcon.colcon_core.environment:checking '/home/mluser/ibvs_project/install/ibvs_controller/lib'
[1.149s] Level 1:colcon.colcon_core.environment:checking '/home/mluser/ibvs_project/install/ibvs_controller/bin'
[1.149s] Level 1:colcon.colcon_core.environment:checking '/home/mluser/ibvs_project/install/ibvs_controller/lib/pkgconfig/ibvs_controller.pc'
[1.149s] Level 1:colcon.colcon_core.environment:checking '/home/mluser/ibvs_project/install/ibvs_controller/lib/python3.12/site-packages'
[1.149s] Level 1:colcon.colcon_core.shell:create_environment_hook('ibvs_controller', 'pythonpath')
[1.149s] INFO:colcon.colcon_core.shell:Creating environment hook '/home/mluser/ibvs_project/install/ibvs_controller/share/ibvs_controller/hook/pythonpath.ps1'
[1.150s] INFO:colcon.colcon_core.shell:Creating environment descriptor '/home/mluser/ibvs_project/install/ibvs_controller/share/ibvs_controller/hook/pythonpath.dsv'
[1.150s] INFO:colcon.colcon_core.shell:Creating environment hook '/home/mluser/ibvs_project/install/ibvs_controller/share/ibvs_controller/hook/pythonpath.sh'
[1.150s] Level 1:colcon.colcon_core.environment:checking '/home/mluser/ibvs_project/install/ibvs_controller/bin'
[1.150s] Level 1:colcon.colcon_core.environment:create_environment_scripts_only(ibvs_controller)
[1.150s] INFO:colcon.colcon_core.shell:Creating package script '/home/mluser/ibvs_project/install/ibvs_controller/share/ibvs_controller/package.ps1'
[1.150s] INFO:colcon.colcon_core.shell:Creating package descriptor '/home/mluser/ibvs_project/install/ibvs_controller/share/ibvs_controller/package.dsv'
[1.151s] INFO:colcon.colcon_core.shell:Creating package script '/home/mluser/ibvs_project/install/ibvs_controller/share/ibvs_controller/package.sh'
[1.151s] INFO:colcon.colcon_core.shell:Creating package script '/home/mluser/ibvs_project/install/ibvs_controller/share/ibvs_controller/package.bash'
[1.151s] INFO:colcon.colcon_core.shell:Creating package script '/home/mluser/ibvs_project/install/ibvs_controller/share/ibvs_controller/package.zsh'
[1.151s] Level 1:colcon.colcon_core.environment:create_file_with_runtime_dependencies(/home/mluser/ibvs_project/install/ibvs_controller/share/colcon-core/packages/ibvs_controller)
[1.151s] DEBUG:colcon.colcon_parallel_executor.executor.parallel:closing loop
[1.151s] DEBUG:colcon.colcon_parallel_executor.executor.parallel:loop closed
[1.151s] DEBUG:colcon.colcon_parallel_executor.executor.parallel:run_until_complete finished with '0'
[1.151s] DEBUG:colcon.colcon_core.event_reactor:joining thread
[1.155s] INFO:colcon.colcon_core.plugin_system:Skipping extension 'colcon_notification.desktop_notification.terminal_notifier': Not used on non-Darwin systems
[1.155s] INFO:colcon.colcon_core.plugin_system:Skipping extension 'colcon_notification.desktop_notification.win32': Not used on non-Windows systems
[1.155s] INFO:colcon.colcon_notification.desktop_notification:Sending desktop notification using 'notify2'
[1.171s] DEBUG:colcon.colcon_core.event_reactor:joined thread
[1.171s] INFO:colcon.colcon_core.shell:Creating prefix script '/home/mluser/ibvs_project/install/local_setup.ps1'
[1.172s] INFO:colcon.colcon_core.shell:Creating prefix util module '/home/mluser/ibvs_project/install/_local_setup_util_ps1.py'
[1.172s] INFO:colcon.colcon_core.shell:Creating prefix chain script '/home/mluser/ibvs_project/install/setup.ps1'
[1.173s] INFO:colcon.colcon_core.shell:Creating prefix script '/home/mluser/ibvs_project/install/local_setup.sh'
[1.173s] INFO:colcon.colcon_core.shell:Creating prefix util module '/home/mluser/ibvs_project/install/_local_setup_util_sh.py'
[1.174s] INFO:colcon.colcon_core.shell:Creating prefix chain script '/home/mluser/ibvs_project/install/setup.sh'
[1.174s] INFO:colcon.colcon_core.shell:Creating prefix script '/home/mluser/ibvs_project/install/local_setup.bash'
[1.174s] INFO:colcon.colcon_core.shell:Creating prefix chain script '/home/mluser/ibvs_project/install/setup.bash'
[1.175s] INFO:colcon.colcon_core.shell:Creating prefix script '/home/mluser/ibvs_project/install/local_setup.zsh'
[1.175s] INFO:colcon.colcon_core.shell:Creating prefix chain script '/home/mluser/ibvs_project/install/setup.zsh'
