-- Found ament_cmake: 2.5.4 (/opt/ros/jazzy/share/ament_cmake/cmake)
-- Override CMake install command with custom implementation using symlinks instead of copying resources
-- Configuring done (0.1s)
-- Generating done (0.0s)
-- Build files have been written to: /home/mluser/ibvs_project/build/ibvs_simulation
-- Install configuration: ""
-- Execute custom install script
-- Up-to-date symlink: /home/mluser/ibvs_project/install/ibvs_simulation/share/ibvs_simulation//launch/ibvs_world.launch.py
-- Symlinking: /home/mluser/ibvs_project/install/ibvs_simulation/share/ibvs_simulation//worlds/ibvs_world.sdf
-- Up-to-date symlink: /home/mluser/ibvs_project/install/ibvs_simulation/share/ibvs_simulation//models/rgbd_camera_robot/model.sdf
-- Up-to-date symlink: /home/mluser/ibvs_project/install/ibvs_simulation/share/ament_index/resource_index/package_run_dependencies/ibvs_simulation
-- Up-to-date symlink: /home/mluser/ibvs_project/install/ibvs_simulation/share/ament_index/resource_index/parent_prefix_path/ibvs_simulation
-- Up-to-date symlink: /home/mluser/ibvs_project/install/ibvs_simulation/share/ibvs_simulation/environment/ament_prefix_path.sh
-- Up-to-date symlink: /home/mluser/ibvs_project/install/ibvs_simulation/share/ibvs_simulation/environment/ament_prefix_path.dsv
-- Up-to-date symlink: /home/mluser/ibvs_project/install/ibvs_simulation/share/ibvs_simulation/environment/path.sh
-- Up-to-date symlink: /home/mluser/ibvs_project/install/ibvs_simulation/share/ibvs_simulation/environment/path.dsv
-- Up-to-date symlink: /home/mluser/ibvs_project/install/ibvs_simulation/share/ibvs_simulation/local_setup.bash
-- Up-to-date symlink: /home/mluser/ibvs_project/install/ibvs_simulation/share/ibvs_simulation/local_setup.sh
-- Up-to-date symlink: /home/mluser/ibvs_project/install/ibvs_simulation/share/ibvs_simulation/local_setup.zsh
-- Up-to-date symlink: /home/mluser/ibvs_project/install/ibvs_simulation/share/ibvs_simulation/local_setup.dsv
-- Symlinking: /home/mluser/ibvs_project/install/ibvs_simulation/share/ibvs_simulation/package.dsv
-- Up-to-date symlink: /home/mluser/ibvs_project/install/ibvs_simulation/share/ament_index/resource_index/packages/ibvs_simulation
-- Up-to-date symlink: /home/mluser/ibvs_project/install/ibvs_simulation/share/ibvs_simulation/cmake/ibvs_simulationConfig.cmake
-- Up-to-date symlink: /home/mluser/ibvs_project/install/ibvs_simulation/share/ibvs_simulation/cmake/ibvs_simulationConfig-version.cmake
-- Up-to-date symlink: /home/mluser/ibvs_project/install/ibvs_simulation/share/ibvs_simulation/package.xml
