[0.059s] DEBUG:colcon:Command line arguments: ['/usr/bin/colcon', 'build', '--packages-select', 'ibvs_controller_cpp']
[0.060s] DEBUG:colcon:Parsed command line arguments: Namespace(log_base=None, log_level=None, verb_name='build', build_base='build', install_base='install', merge_install=False, symlink_install=False, test_result_base=None, continue_on_error=False, executor='parallel', parallel_workers=16, event_handlers=None, ignore_user_meta=False, metas=['./colcon.meta'], base_paths=['.'], packages_ignore=None, packages_ignore_regex=None, paths=None, packages_up_to=None, packages_up_to_regex=None, packages_above=None, packages_above_and_dependencies=None, packages_above_depth=None, packages_select_by_dep=None, packages_skip_by_dep=None, packages_skip_up_to=None, packages_select_build_failed=False, packages_skip_build_finished=False, packages_select_test_failures=False, packages_skip_test_passed=False, packages_select=['ibvs_controller_cpp'], packages_skip=None, packages_select_regex=None, packages_skip_regex=None, packages_start=None, packages_end=None, allow_overriding=[], cmake_args=None, cmake_target=None, cmake_target_skip_unavailable=False, cmake_clean_cache=False, cmake_clean_first=False, cmake_force_configure=False, ament_cmake_args=None, catkin_cmake_args=None, catkin_skip_building_tests=False, mixin_files=None, mixin=None, verb_parser=<colcon_mixin.mixin.mixin_argument.MixinArgumentDecorator object at 0x7c5f465a9070>, verb_extension=<colcon_core.verb.build.BuildVerb object at 0x7c5f465a85c0>, main=<bound method BuildVerb.main of <colcon_core.verb.build.BuildVerb object at 0x7c5f465a85c0>>, mixin_verb=('build',))
[0.081s] Level 1:colcon.colcon_core.package_discovery:discover_packages(colcon_meta) check parameters
[0.081s] Level 1:colcon.colcon_core.package_discovery:discover_packages(recursive) check parameters
[0.081s] Level 1:colcon.colcon_core.package_discovery:discover_packages(ignore) check parameters
[0.081s] Level 1:colcon.colcon_core.package_discovery:discover_packages(path) check parameters
[0.081s] Level 1:colcon.colcon_core.package_discovery:discover_packages(colcon_meta) discover
[0.081s] Level 1:colcon.colcon_core.package_discovery:discover_packages(recursive) discover
[0.081s] INFO:colcon.colcon_core.package_discovery:Crawling recursively for packages in '/home/mluser/ibvs_project/src'
[0.081s] Level 1:colcon.colcon_core.package_identification:_identify(.) by extensions ['ignore', 'ignore_ament_install']
[0.082s] Level 1:colcon.colcon_core.package_identification:_identify(.) by extension 'ignore'
[0.082s] Level 1:colcon.colcon_core.package_identification:_identify(.) by extension 'ignore_ament_install'
[0.082s] Level 1:colcon.colcon_core.package_identification:_identify(.) by extensions ['colcon_pkg']
[0.082s] Level 1:colcon.colcon_core.package_identification:_identify(.) by extension 'colcon_pkg'
[0.082s] Level 1:colcon.colcon_core.package_identification:_identify(.) by extensions ['colcon_meta']
[0.082s] Level 1:colcon.colcon_core.package_identification:_identify(.) by extension 'colcon_meta'
[0.082s] Level 1:colcon.colcon_core.package_identification:_identify(.) by extensions ['ros']
[0.082s] Level 1:colcon.colcon_core.package_identification:_identify(.) by extension 'ros'
[0.097s] Level 1:colcon.colcon_core.package_identification:_identify(.) by extensions ['cmake', 'python']
[0.097s] Level 1:colcon.colcon_core.package_identification:_identify(.) by extension 'cmake'
[0.097s] Level 1:colcon.colcon_core.package_identification:_identify(.) by extension 'python'
[0.097s] Level 1:colcon.colcon_core.package_identification:_identify(.) by extensions ['python_setup_py']
[0.097s] Level 1:colcon.colcon_core.package_identification:_identify(.) by extension 'python_setup_py'
[0.097s] Level 1:colcon.colcon_core.package_identification:_identify(build) by extensions ['ignore', 'ignore_ament_install']
[0.097s] Level 1:colcon.colcon_core.package_identification:_identify(build) by extension 'ignore'
[0.097s] Level 1:colcon.colcon_core.package_identification:_identify(build) ignored
[0.097s] Level 1:colcon.colcon_core.package_identification:_identify(ibvs_controller) by extensions ['ignore', 'ignore_ament_install']
[0.097s] Level 1:colcon.colcon_core.package_identification:_identify(ibvs_controller) by extension 'ignore'
[0.097s] Level 1:colcon.colcon_core.package_identification:_identify(ibvs_controller) by extension 'ignore_ament_install'
[0.097s] Level 1:colcon.colcon_core.package_identification:_identify(ibvs_controller) by extensions ['colcon_pkg']
[0.097s] Level 1:colcon.colcon_core.package_identification:_identify(ibvs_controller) by extension 'colcon_pkg'
[0.097s] Level 1:colcon.colcon_core.package_identification:_identify(ibvs_controller) by extensions ['colcon_meta']
[0.097s] Level 1:colcon.colcon_core.package_identification:_identify(ibvs_controller) by extension 'colcon_meta'
[0.097s] Level 1:colcon.colcon_core.package_identification:_identify(ibvs_controller) by extensions ['ros']
[0.097s] Level 1:colcon.colcon_core.package_identification:_identify(ibvs_controller) by extension 'ros'
[0.099s] DEBUG:colcon.colcon_core.package_identification:Package 'ibvs_controller' with type 'ros.ament_python' and name 'ibvs_controller'
[0.099s] Level 1:colcon.colcon_core.package_identification:_identify(ibvs_controller_cpp) by extensions ['ignore', 'ignore_ament_install']
[0.099s] Level 1:colcon.colcon_core.package_identification:_identify(ibvs_controller_cpp) by extension 'ignore'
[0.099s] Level 1:colcon.colcon_core.package_identification:_identify(ibvs_controller_cpp) by extension 'ignore_ament_install'
[0.099s] Level 1:colcon.colcon_core.package_identification:_identify(ibvs_controller_cpp) by extensions ['colcon_pkg']
[0.099s] Level 1:colcon.colcon_core.package_identification:_identify(ibvs_controller_cpp) by extension 'colcon_pkg'
[0.099s] Level 1:colcon.colcon_core.package_identification:_identify(ibvs_controller_cpp) by extensions ['colcon_meta']
[0.099s] Level 1:colcon.colcon_core.package_identification:_identify(ibvs_controller_cpp) by extension 'colcon_meta'
[0.099s] Level 1:colcon.colcon_core.package_identification:_identify(ibvs_controller_cpp) by extensions ['ros']
[0.099s] Level 1:colcon.colcon_core.package_identification:_identify(ibvs_controller_cpp) by extension 'ros'
[0.099s] DEBUG:colcon.colcon_core.package_identification:Package 'ibvs_controller_cpp' with type 'ros.ament_cmake' and name 'ibvs_controller_cpp'
[0.099s] Level 1:colcon.colcon_core.package_identification:_identify(ibvs_simulation) by extensions ['ignore', 'ignore_ament_install']
[0.099s] Level 1:colcon.colcon_core.package_identification:_identify(ibvs_simulation) by extension 'ignore'
[0.099s] Level 1:colcon.colcon_core.package_identification:_identify(ibvs_simulation) by extension 'ignore_ament_install'
[0.099s] Level 1:colcon.colcon_core.package_identification:_identify(ibvs_simulation) by extensions ['colcon_pkg']
[0.099s] Level 1:colcon.colcon_core.package_identification:_identify(ibvs_simulation) by extension 'colcon_pkg'
[0.099s] Level 1:colcon.colcon_core.package_identification:_identify(ibvs_simulation) by extensions ['colcon_meta']
[0.099s] Level 1:colcon.colcon_core.package_identification:_identify(ibvs_simulation) by extension 'colcon_meta'
[0.099s] Level 1:colcon.colcon_core.package_identification:_identify(ibvs_simulation) by extensions ['ros']
[0.099s] Level 1:colcon.colcon_core.package_identification:_identify(ibvs_simulation) by extension 'ros'
[0.100s] DEBUG:colcon.colcon_core.package_identification:Package 'ibvs_simulation' with type 'ros.ament_cmake' and name 'ibvs_simulation'
[0.100s] Level 1:colcon.colcon_core.package_identification:_identify(install) by extensions ['ignore', 'ignore_ament_install']
[0.100s] Level 1:colcon.colcon_core.package_identification:_identify(install) by extension 'ignore'
[0.100s] Level 1:colcon.colcon_core.package_identification:_identify(install) ignored
[0.100s] Level 1:colcon.colcon_core.package_identification:_identify(log) by extensions ['ignore', 'ignore_ament_install']
[0.100s] Level 1:colcon.colcon_core.package_identification:_identify(log) by extension 'ignore'
[0.100s] Level 1:colcon.colcon_core.package_identification:_identify(log) ignored
[0.100s] Level 1:colcon.colcon_core.package_discovery:discover_packages(recursive) using defaults
[0.100s] Level 1:colcon.colcon_core.package_discovery:discover_packages(ignore) discover
[0.100s] Level 1:colcon.colcon_core.package_discovery:discover_packages(ignore) using defaults
[0.100s] Level 1:colcon.colcon_core.package_discovery:discover_packages(path) discover
[0.100s] Level 1:colcon.colcon_core.package_discovery:discover_packages(path) using defaults
[0.110s] INFO:colcon.colcon_core.package_selection:Skipping not selected package 'ibvs_controller' in 'ibvs_controller'
[0.110s] INFO:colcon.colcon_core.package_selection:Skipping not selected package 'ibvs_simulation' in 'ibvs_simulation'
[0.110s] Level 1:colcon.colcon_core.package_discovery:discover_packages(prefix_path) check parameters
[0.110s] Level 1:colcon.colcon_core.package_discovery:discover_packages(prefix_path) discover
[0.111s] DEBUG:colcon.colcon_installed_package_information.package_discovery:Found 2 installed packages in /home/mluser/ibvs_project/install
[0.111s] DEBUG:colcon.colcon_installed_package_information.package_discovery:Found 1 installed packages in /home/mluser/ibvs_project/src/install
[0.112s] DEBUG:colcon.colcon_installed_package_information.package_discovery:Found 436 installed packages in /opt/ros/jazzy
[0.113s] Level 1:colcon.colcon_core.package_discovery:discover_packages(prefix_path) using defaults
[0.144s] Level 5:colcon.colcon_core.verb:set package 'ibvs_controller_cpp' build argument 'cmake_args' from command line to 'None'
[0.144s] Level 5:colcon.colcon_core.verb:set package 'ibvs_controller_cpp' build argument 'cmake_target' from command line to 'None'
[0.144s] Level 5:colcon.colcon_core.verb:set package 'ibvs_controller_cpp' build argument 'cmake_target_skip_unavailable' from command line to 'False'
[0.144s] Level 5:colcon.colcon_core.verb:set package 'ibvs_controller_cpp' build argument 'cmake_clean_cache' from command line to 'False'
[0.144s] Level 5:colcon.colcon_core.verb:set package 'ibvs_controller_cpp' build argument 'cmake_clean_first' from command line to 'False'
[0.144s] Level 5:colcon.colcon_core.verb:set package 'ibvs_controller_cpp' build argument 'cmake_force_configure' from command line to 'False'
[0.144s] Level 5:colcon.colcon_core.verb:set package 'ibvs_controller_cpp' build argument 'ament_cmake_args' from command line to 'None'
[0.144s] Level 5:colcon.colcon_core.verb:set package 'ibvs_controller_cpp' build argument 'catkin_cmake_args' from command line to 'None'
[0.144s] Level 5:colcon.colcon_core.verb:set package 'ibvs_controller_cpp' build argument 'catkin_skip_building_tests' from command line to 'False'
[0.144s] DEBUG:colcon.colcon_core.verb:Building package 'ibvs_controller_cpp' with the following arguments: {'ament_cmake_args': None, 'build_base': '/home/mluser/ibvs_project/src/build/ibvs_controller_cpp', 'catkin_cmake_args': None, 'catkin_skip_building_tests': False, 'cmake_args': None, 'cmake_clean_cache': False, 'cmake_clean_first': False, 'cmake_force_configure': False, 'cmake_target': None, 'cmake_target_skip_unavailable': False, 'install_base': '/home/mluser/ibvs_project/src/install/ibvs_controller_cpp', 'merge_install': False, 'path': '/home/mluser/ibvs_project/src/ibvs_controller_cpp', 'symlink_install': False, 'test_result_base': None}
[0.144s] INFO:colcon.colcon_core.executor:Executing jobs using 'parallel' executor
[0.144s] DEBUG:colcon.colcon_parallel_executor.executor.parallel:run_until_complete
[0.144s] INFO:colcon.colcon_ros.task.ament_cmake.build:Building ROS package in '/home/mluser/ibvs_project/src/ibvs_controller_cpp' with build type 'ament_cmake'
[0.144s] INFO:colcon.colcon_cmake.task.cmake.build:Building CMake package in '/home/mluser/ibvs_project/src/ibvs_controller_cpp'
[0.145s] INFO:colcon.colcon_core.plugin_system:Skipping extension 'colcon_core.shell.bat': Not used on non-Windows systems
[0.145s] INFO:colcon.colcon_core.shell:Skip shell extension 'powershell' for command environment: Not usable outside of PowerShell
[0.145s] DEBUG:colcon.colcon_core.shell:Skip shell extension 'dsv' for command environment
[0.151s] DEBUG:colcon.colcon_core.event_handler.log_command:Invoking command in '/home/mluser/ibvs_project/src/build/ibvs_controller_cpp': CMAKE_PREFIX_PATH=${CMAKE_PREFIX_PATH}:/home/mluser/ibvs_project/install/ibvs_controller:/opt/ros/jazzy DEBUGINFOD_URLS=https://debuginfod.ubuntu.com /usr/bin/cmake --build /home/mluser/ibvs_project/src/build/ibvs_controller_cpp -- -j16 -l16
[0.387s] DEBUG:colcon.colcon_core.event_handler.log_command:Invoked command in '/home/mluser/ibvs_project/src/build/ibvs_controller_cpp' returned '2': CMAKE_PREFIX_PATH=${CMAKE_PREFIX_PATH}:/home/mluser/ibvs_project/install/ibvs_controller:/opt/ros/jazzy DEBUGINFOD_URLS=https://debuginfod.ubuntu.com /usr/bin/cmake --build /home/mluser/ibvs_project/src/build/ibvs_controller_cpp -- -j16 -l16
[0.387s] Level 1:colcon.colcon_core.environment:create_environment_scripts_only(ibvs_controller_cpp)
[0.388s] Level 1:colcon.colcon_core.environment:checking '/home/mluser/ibvs_project/src/install/ibvs_controller_cpp' for CMake module files
[0.389s] Level 1:colcon.colcon_core.environment:checking '/home/mluser/ibvs_project/src/install/ibvs_controller_cpp' for CMake config files
[0.389s] Level 1:colcon.colcon_core.environment:checking '/home/mluser/ibvs_project/src/install/ibvs_controller_cpp/bin'
[0.389s] Level 1:colcon.colcon_core.environment:checking '/home/mluser/ibvs_project/src/install/ibvs_controller_cpp/lib/pkgconfig/ibvs_controller_cpp.pc'
[0.389s] Level 1:colcon.colcon_core.environment:checking '/home/mluser/ibvs_project/src/install/ibvs_controller_cpp/lib/python3.12/site-packages'
[0.389s] Level 1:colcon.colcon_core.environment:checking '/home/mluser/ibvs_project/src/install/ibvs_controller_cpp/bin'
[0.389s] INFO:colcon.colcon_core.shell:Creating package script '/home/mluser/ibvs_project/src/install/ibvs_controller_cpp/share/ibvs_controller_cpp/package.ps1'
[0.390s] INFO:colcon.colcon_core.shell:Creating package descriptor '/home/mluser/ibvs_project/src/install/ibvs_controller_cpp/share/ibvs_controller_cpp/package.dsv'
[0.390s] INFO:colcon.colcon_core.shell:Creating package script '/home/mluser/ibvs_project/src/install/ibvs_controller_cpp/share/ibvs_controller_cpp/package.sh'
[0.390s] INFO:colcon.colcon_core.shell:Creating package script '/home/mluser/ibvs_project/src/install/ibvs_controller_cpp/share/ibvs_controller_cpp/package.bash'
[0.391s] INFO:colcon.colcon_core.shell:Creating package script '/home/mluser/ibvs_project/src/install/ibvs_controller_cpp/share/ibvs_controller_cpp/package.zsh'
[0.391s] Level 1:colcon.colcon_core.environment:create_file_with_runtime_dependencies(/home/mluser/ibvs_project/src/install/ibvs_controller_cpp/share/colcon-core/packages/ibvs_controller_cpp)
[0.391s] DEBUG:colcon.colcon_parallel_executor.executor.parallel:closing loop
[0.392s] DEBUG:colcon.colcon_parallel_executor.executor.parallel:loop closed
[0.392s] DEBUG:colcon.colcon_parallel_executor.executor.parallel:run_until_complete finished with '2'
[0.392s] DEBUG:colcon.colcon_core.event_reactor:joining thread
[0.396s] INFO:colcon.colcon_core.plugin_system:Skipping extension 'colcon_notification.desktop_notification.terminal_notifier': Not used on non-Darwin systems
[0.396s] INFO:colcon.colcon_core.plugin_system:Skipping extension 'colcon_notification.desktop_notification.win32': Not used on non-Windows systems
[0.396s] INFO:colcon.colcon_notification.desktop_notification:Sending desktop notification using 'notify2'
[0.409s] DEBUG:colcon.colcon_core.event_reactor:joined thread
[0.409s] INFO:colcon.colcon_core.shell:Creating prefix script '/home/mluser/ibvs_project/src/install/local_setup.ps1'
[0.410s] INFO:colcon.colcon_core.shell:Creating prefix util module '/home/mluser/ibvs_project/src/install/_local_setup_util_ps1.py'
[0.410s] INFO:colcon.colcon_core.shell:Creating prefix chain script '/home/mluser/ibvs_project/src/install/setup.ps1'
[0.411s] INFO:colcon.colcon_core.shell:Creating prefix script '/home/mluser/ibvs_project/src/install/local_setup.sh'
[0.411s] INFO:colcon.colcon_core.shell:Creating prefix util module '/home/mluser/ibvs_project/src/install/_local_setup_util_sh.py'
[0.411s] INFO:colcon.colcon_core.shell:Creating prefix chain script '/home/mluser/ibvs_project/src/install/setup.sh'
[0.412s] INFO:colcon.colcon_core.shell:Creating prefix script '/home/mluser/ibvs_project/src/install/local_setup.bash'
[0.412s] INFO:colcon.colcon_core.shell:Creating prefix chain script '/home/mluser/ibvs_project/src/install/setup.bash'
[0.413s] INFO:colcon.colcon_core.shell:Creating prefix script '/home/mluser/ibvs_project/src/install/local_setup.zsh'
[0.413s] INFO:colcon.colcon_core.shell:Creating prefix chain script '/home/mluser/ibvs_project/src/install/setup.zsh'
