[0.555s] Invoking command in '/home/mluser/ibvs_project/build/ibvs_controller': DEBUGINFOD_URLS=https://debuginfod.ubuntu.com PYTHONPATH=/home/mluser/ibvs_project/build/ibvs_controller/prefix_override:/usr/lib/python3/dist-packages/colcon_core/task/python/colcon_distutils_commands:/home/mluser/ibvs_project/install/ibvs_controller/lib/python3.12/site-packages:${PYTHONPATH} /usr/bin/python3 -W ignore:setup.py install is deprecated -W ignore:easy_install command is deprecated setup.py develop --editable --build-directory /home/mluser/ibvs_project/build/ibvs_controller/build --no-deps symlink_data
[0.716s] running develop
[0.809s] running egg_info
[0.809s] creating ibvs_controller.egg-info
[0.818s] writing ibvs_controller.egg-info/PKG-INFO
[0.818s] writing dependency_links to ibvs_controller.egg-info/dependency_links.txt
[0.818s] writing requirements to ibvs_controller.egg-info/requires.txt
[0.818s] writing top-level names to ibvs_controller.egg-info/top_level.txt
[0.818s] writing manifest file 'ibvs_controller.egg-info/SOURCES.txt'
[0.836s] reading manifest file 'ibvs_controller.egg-info/SOURCES.txt'
[0.836s] writing manifest file 'ibvs_controller.egg-info/SOURCES.txt'
[0.845s] running build_ext
[0.845s] Creating /home/mluser/ibvs_project/install/ibvs_controller/lib/python3.12/site-packages/ibvs-controller.egg-link (link to .)
[0.845s] 
[0.845s] Installed /home/mluser/ibvs_project/build/ibvs_controller
[0.845s] running symlink_data
[0.845s] creating /home/mluser/ibvs_project/install/ibvs_controller/share/ament_index
[0.845s] creating /home/mluser/ibvs_project/install/ibvs_controller/share/ament_index/resource_index
[0.845s] creating /home/mluser/ibvs_project/install/ibvs_controller/share/ament_index/resource_index/packages
[0.845s] symbolically linking /home/mluser/ibvs_project/build/ibvs_controller/resource/ibvs_controller -> /home/mluser/ibvs_project/install/ibvs_controller/share/ament_index/resource_index/packages
[0.845s] symbolically linking /home/mluser/ibvs_project/build/ibvs_controller/package.xml -> /home/mluser/ibvs_project/install/ibvs_controller/share/ibvs_controller
[0.863s] Invoked command in '/home/mluser/ibvs_project/build/ibvs_controller' returned '0': DEBUGINFOD_URLS=https://debuginfod.ubuntu.com PYTHONPATH=/home/mluser/ibvs_project/build/ibvs_controller/prefix_override:/usr/lib/python3/dist-packages/colcon_core/task/python/colcon_distutils_commands:/home/mluser/ibvs_project/install/ibvs_controller/lib/python3.12/site-packages:${PYTHONPATH} /usr/bin/python3 -W ignore:setup.py install is deprecated -W ignore:easy_install command is deprecated setup.py develop --editable --build-directory /home/mluser/ibvs_project/build/ibvs_controller/build --no-deps symlink_data
