[0.124s] Invoking command in '/home/mluser/ibvs_project/build/ibvs_simulation': CMAKE_PREFIX_PATH=${CMAKE_PREFIX_PATH}:/home/mluser/ibvs_project/install/ibvs_controller:/opt/ros/jazzy DEBUGINFOD_URLS=https://debuginfod.ubuntu.com /usr/bin/cmake /home/mluser/ibvs_project/src/ibvs_simulation -DCMAKE_INSTALL_PREFIX=/home/mluser/ibvs_project/install/ibvs_simulation
[0.134s] -- Found ament_cmake: 2.5.4 (/opt/ros/jazzy/share/ament_cmake/cmake)
[0.232s] -- Override CMake install command with custom implementation using symlinks instead of copying resources
[0.286s] -- Configuring done (0.2s)
[0.288s] -- Generating done (0.0s)
[0.289s] -- Build files have been written to: /home/mluser/ibvs_project/build/ibvs_simulation
[0.291s] Invoked command in '/home/mluser/ibvs_project/build/ibvs_simulation' returned '0': CMAKE_PREFIX_PATH=${CMAKE_PREFIX_PATH}:/home/mluser/ibvs_project/install/ibvs_controller:/opt/ros/jazzy DEBUGINFOD_URLS=https://debuginfod.ubuntu.com /usr/bin/cmake /home/mluser/ibvs_project/src/ibvs_simulation -DCMAKE_INSTALL_PREFIX=/home/mluser/ibvs_project/install/ibvs_simulation
[0.292s] Invoking command in '/home/mluser/ibvs_project/build/ibvs_simulation': CMAKE_PREFIX_PATH=${CMAKE_PREFIX_PATH}:/home/mluser/ibvs_project/install/ibvs_controller:/opt/ros/jazzy DEBUGINFOD_URLS=https://debuginfod.ubuntu.com /usr/bin/cmake --build /home/mluser/ibvs_project/build/ibvs_simulation -- -j16 -l16
[0.322s] Invoked command in '/home/mluser/ibvs_project/build/ibvs_simulation' returned '0': CMAKE_PREFIX_PATH=${CMAKE_PREFIX_PATH}:/home/mluser/ibvs_project/install/ibvs_controller:/opt/ros/jazzy DEBUGINFOD_URLS=https://debuginfod.ubuntu.com /usr/bin/cmake --build /home/mluser/ibvs_project/build/ibvs_simulation -- -j16 -l16
[0.329s] Invoking command in '/home/mluser/ibvs_project/build/ibvs_simulation': CMAKE_PREFIX_PATH=${CMAKE_PREFIX_PATH}:/home/mluser/ibvs_project/install/ibvs_controller:/opt/ros/jazzy DEBUGINFOD_URLS=https://debuginfod.ubuntu.com /usr/bin/cmake --install /home/mluser/ibvs_project/build/ibvs_simulation
[0.334s] -- Install configuration: ""
[0.334s] -- Execute custom install script
[0.335s] -- Up-to-date symlink: /home/mluser/ibvs_project/install/ibvs_simulation/share/ibvs_simulation//launch/ibvs_world.launch.py
[0.335s] -- Up-to-date symlink: /home/mluser/ibvs_project/install/ibvs_simulation/share/ibvs_simulation//worlds/ibvs_world.sdf
[0.335s] -- Up-to-date symlink: /home/mluser/ibvs_project/install/ibvs_simulation/share/ibvs_simulation//models/rgbd_camera_robot/model.sdf
[0.335s] -- Up-to-date symlink: /home/mluser/ibvs_project/install/ibvs_simulation/share/ibvs_simulation//config/ibvs.rviz
[0.335s] -- Up-to-date symlink: /home/mluser/ibvs_project/install/ibvs_simulation/share/ament_index/resource_index/package_run_dependencies/ibvs_simulation
[0.335s] -- Up-to-date symlink: /home/mluser/ibvs_project/install/ibvs_simulation/share/ament_index/resource_index/parent_prefix_path/ibvs_simulation
[0.335s] -- Up-to-date symlink: /home/mluser/ibvs_project/install/ibvs_simulation/share/ibvs_simulation/environment/ament_prefix_path.sh
[0.335s] -- Up-to-date symlink: /home/mluser/ibvs_project/install/ibvs_simulation/share/ibvs_simulation/environment/ament_prefix_path.dsv
[0.335s] -- Up-to-date symlink: /home/mluser/ibvs_project/install/ibvs_simulation/share/ibvs_simulation/environment/path.sh
[0.335s] -- Up-to-date symlink: /home/mluser/ibvs_project/install/ibvs_simulation/share/ibvs_simulation/environment/path.dsv
[0.335s] -- Up-to-date symlink: /home/mluser/ibvs_project/install/ibvs_simulation/share/ibvs_simulation/local_setup.bash
[0.336s] -- Up-to-date symlink: /home/mluser/ibvs_project/install/ibvs_simulation/share/ibvs_simulation/local_setup.sh
[0.336s] -- Up-to-date symlink: /home/mluser/ibvs_project/install/ibvs_simulation/share/ibvs_simulation/local_setup.zsh
[0.336s] -- Up-to-date symlink: /home/mluser/ibvs_project/install/ibvs_simulation/share/ibvs_simulation/local_setup.dsv
[0.336s] -- Symlinking: /home/mluser/ibvs_project/install/ibvs_simulation/share/ibvs_simulation/package.dsv
[0.343s] -- Up-to-date symlink: /home/mluser/ibvs_project/install/ibvs_simulation/share/ament_index/resource_index/packages/ibvs_simulation
[0.343s] -- Up-to-date symlink: /home/mluser/ibvs_project/install/ibvs_simulation/share/ibvs_simulation/cmake/ibvs_simulationConfig.cmake
[0.343s] -- Up-to-date symlink: /home/mluser/ibvs_project/install/ibvs_simulation/share/ibvs_simulation/cmake/ibvs_simulationConfig-version.cmake
[0.343s] -- Up-to-date symlink: /home/mluser/ibvs_project/install/ibvs_simulation/share/ibvs_simulation/package.xml
[0.344s] Invoked command in '/home/mluser/ibvs_project/build/ibvs_simulation' returned '0': CMAKE_PREFIX_PATH=${CMAKE_PREFIX_PATH}:/home/mluser/ibvs_project/install/ibvs_controller:/opt/ros/jazzy DEBUGINFOD_URLS=https://debuginfod.ubuntu.com /usr/bin/cmake --install /home/mluser/ibvs_project/build/ibvs_simulation
